<?xml version="1.0" encoding="UTF-8"?>
<testsuite name="com.cissbank.basiccissbankapi.BasicCissBankApiApplicationTests" tests="1" skipped="0" failures="0" errors="0" timestamp="2021-11-29T10:52:50" hostname="juliano-Vostro-5490" time="0.378">
  <properties/>
  <testcase name="applicationFullHappyPathTest()" classname="com.cissbank.basiccissbankapi.BasicCissBankApiApplicationTests" time="0.378"/>
  <system-out><![CDATA[07:52:46.755 [Test worker] DEBUG org.springframework.test.context.BootstrapUtils - Instantiating CacheAwareContextLoaderDelegate from class [org.springframework.test.context.cache.DefaultCacheAwareContextLoaderDelegate]
07:52:46.762 [Test worker] DEBUG org.springframework.test.context.BootstrapUtils - Instantiating BootstrapContext using constructor [public org.springframework.test.context.support.DefaultBootstrapContext(java.lang.Class,org.springframework.test.context.CacheAwareContextLoaderDelegate)]
07:52:46.793 [Test worker] DEBUG org.springframework.test.context.BootstrapUtils - Instantiating TestContextBootstrapper for test class [com.cissbank.basiccissbankapi.BasicCissBankApiApplicationTests] from class [org.springframework.boot.test.context.SpringBootTestContextBootstrapper]
07:52:46.801 [Test worker] INFO org.springframework.boot.test.context.SpringBootTestContextBootstrapper - Neither @ContextConfiguration nor @ContextHierarchy found for test class [com.cissbank.basiccissbankapi.BasicCissBankApiApplicationTests], using SpringBootContextLoader
07:52:46.804 [Test worker] DEBUG org.springframework.test.context.support.AbstractContextLoader - Did not detect default resource location for test class [com.cissbank.basiccissbankapi.BasicCissBankApiApplicationTests]: class path resource [com/cissbank/basiccissbankapi/BasicCissBankApiApplicationTests-context.xml] does not exist
07:52:46.804 [Test worker] DEBUG org.springframework.test.context.support.AbstractContextLoader - Did not detect default resource location for test class [com.cissbank.basiccissbankapi.BasicCissBankApiApplicationTests]: class path resource [com/cissbank/basiccissbankapi/BasicCissBankApiApplicationTestsContext.groovy] does not exist
07:52:46.804 [Test worker] INFO org.springframework.test.context.support.AbstractContextLoader - Could not detect default resource locations for test class [com.cissbank.basiccissbankapi.BasicCissBankApiApplicationTests]: no resource found for suffixes {-context.xml, Context.groovy}.
07:52:46.805 [Test worker] INFO org.springframework.test.context.support.AnnotationConfigContextLoaderUtils - Could not detect default configuration classes for test class [com.cissbank.basiccissbankapi.BasicCissBankApiApplicationTests]: BasicCissBankApiApplicationTests does not declare any static, non-private, non-final, nested classes annotated with @Configuration.
07:52:46.834 [Test worker] DEBUG org.springframework.test.context.support.ActiveProfilesUtils - Could not find an 'annotation declaring class' for annotation type [org.springframework.test.context.ActiveProfiles] and class [com.cissbank.basiccissbankapi.BasicCissBankApiApplicationTests]
07:52:46.893 [Test worker] DEBUG org.springframework.context.annotation.ClassPathScanningCandidateComponentProvider - Identified candidate component class: file [/home/juliano/TuntsCorpWorkSpace/basiccissbankapi/build/classes/java/main/com/cissbank/basiccissbankapi/BasicCissBankApiApplication.class]
07:52:46.893 [Test worker] INFO org.springframework.boot.test.context.SpringBootTestContextBootstrapper - Found @SpringBootConfiguration com.cissbank.basiccissbankapi.BasicCissBankApiApplication for test class com.cissbank.basiccissbankapi.BasicCissBankApiApplicationTests
07:52:46.964 [Test worker] DEBUG org.springframework.boot.test.context.SpringBootTestContextBootstrapper - @TestExecutionListeners is not present for class [com.cissbank.basiccissbankapi.BasicCissBankApiApplicationTests]: using defaults.
07:52:46.964 [Test worker] INFO org.springframework.boot.test.context.SpringBootTestContextBootstrapper - Loaded default TestExecutionListener class names from location [META-INF/spring.factories]: [org.springframework.security.test.context.support.WithSecurityContextTestExecutionListener, org.springframework.security.test.context.support.ReactorContextTestExecutionListener, org.springframework.boot.test.autoconfigure.restdocs.RestDocsTestExecutionListener, org.springframework.boot.test.autoconfigure.web.client.MockRestServiceServerResetTestExecutionListener, org.springframework.boot.test.autoconfigure.web.servlet.MockMvcPrintOnlyOnFailureTestExecutionListener, org.springframework.boot.test.autoconfigure.web.servlet.WebDriverTestExecutionListener, org.springframework.boot.test.autoconfigure.webservices.client.MockWebServiceServerTestExecutionListener, org.springframework.boot.test.mock.mockito.MockitoTestExecutionListener, org.springframework.boot.test.mock.mockito.ResetMocksTestExecutionListener, org.springframework.test.context.web.ServletTestExecutionListener, org.springframework.test.context.support.DirtiesContextBeforeModesTestExecutionListener, org.springframework.test.context.event.ApplicationEventsTestExecutionListener, org.springframework.test.context.support.DependencyInjectionTestExecutionListener, org.springframework.test.context.support.DirtiesContextTestExecutionListener, org.springframework.test.context.transaction.TransactionalTestExecutionListener, org.springframework.test.context.jdbc.SqlScriptsTestExecutionListener, org.springframework.test.context.event.EventPublishingTestExecutionListener]
07:52:46.979 [Test worker] INFO org.springframework.boot.test.context.SpringBootTestContextBootstrapper - Using TestExecutionListeners: [org.springframework.test.context.web.ServletTestExecutionListener@33308786, org.springframework.test.context.support.DirtiesContextBeforeModesTestExecutionListener@4f9a2c08, org.springframework.test.context.event.ApplicationEventsTestExecutionListener@a87f8ec, org.springframework.boot.test.mock.mockito.MockitoTestExecutionListener@5443d039, org.springframework.boot.test.autoconfigure.SpringBootDependencyInjectionTestExecutionListener@63787180, org.springframework.test.context.support.DirtiesContextTestExecutionListener@7d1cfb8b, org.springframework.test.context.transaction.TransactionalTestExecutionListener@48e92c5c, org.springframework.test.context.jdbc.SqlScriptsTestExecutionListener@2e1ef60, org.springframework.security.test.context.support.WithSecurityContextTestExecutionListener@22356acd, org.springframework.test.context.event.EventPublishingTestExecutionListener@386f0da3, org.springframework.security.test.context.support.ReactorContextTestExecutionListener@39655d3e, org.springframework.boot.test.autoconfigure.restdocs.RestDocsTestExecutionListener@34f22f9d, org.springframework.boot.test.autoconfigure.web.client.MockRestServiceServerResetTestExecutionListener@3d1848cc, org.springframework.boot.test.autoconfigure.web.servlet.MockMvcPrintOnlyOnFailureTestExecutionListener@7dda48d9, org.springframework.boot.test.autoconfigure.web.servlet.WebDriverTestExecutionListener@6e4566f1, org.springframework.boot.test.autoconfigure.webservices.client.MockWebServiceServerTestExecutionListener@4b6e2263, org.springframework.boot.test.mock.mockito.ResetMocksTestExecutionListener@344f4dea]
07:52:46.982 [Test worker] DEBUG org.springframework.test.context.support.AbstractDirtiesContextTestExecutionListener - Before test class: context [DefaultTestContext@6155d082 testClass = BasicCissBankApiApplicationTests, testInstance = [null], testMethod = [null], testException = [null], mergedContextConfiguration = [WebMergedContextConfiguration@3a5ecce3 testClass = BasicCissBankApiApplicationTests, locations = '{}', classes = '{class com.cissbank.basiccissbankapi.BasicCissBankApiApplication}', contextInitializerClasses = '[]', activeProfiles = '{}', propertySourceLocations = '{}', propertySourceProperties = '{org.springframework.boot.test.context.SpringBootTestContextBootstrapper=true}', contextCustomizers = set[org.springframework.boot.test.autoconfigure.actuate.metrics.MetricsExportContextCustomizerFactory$DisableMetricExportContextCustomizer@8458f04, org.springframework.boot.test.autoconfigure.properties.PropertyMappingContextCustomizer@0, org.springframework.boot.test.autoconfigure.web.servlet.WebDriverContextCustomizerFactory$Customizer@1750fbeb, org.springframework.boot.test.context.filter.ExcludeFilterContextCustomizer@6c284af, org.springframework.boot.test.json.DuplicateJsonObjectContextCustomizerFactory$DuplicateJsonObjectContextCustomizer@31ea9581, org.springframework.boot.test.mock.mockito.MockitoContextCustomizer@0, org.springframework.boot.test.web.client.TestRestTemplateContextCustomizer@23e84203, org.springframework.boot.test.context.SpringBootTestArgs@1, org.springframework.boot.test.context.SpringBootTestWebEnvironment@7b227d8d], resourceBasePath = 'src/main/webapp', contextLoader = 'org.springframework.boot.test.context.SpringBootContextLoader', parent = [null]], attributes = map['org.springframework.test.context.web.ServletTestExecutionListener.activateListener' -> true]], class annotated with @DirtiesContext [false] with mode [null].
07:52:47.010 [Test worker] DEBUG org.springframework.boot.ApplicationServletEnvironment - Activating profiles []
07:52:47.013 [Test worker] DEBUG org.springframework.test.context.support.TestPropertySourceUtils - Adding inlined properties to environment: {spring.jmx.enabled=false, org.springframework.boot.test.context.SpringBootTestContextBootstrapper=true}

  .   ____          _            __ _ _
 /\\ / ___'_ __ _ _(_)_ __  __ _ \ \ \ \
( ( )\___ | '_ | '_| | '_ \/ _` | \ \ \ \
 \\/  ___)| |_)| | | | | || (_| |  ) ) ) )
  '  |____| .__|_| |_|_| |_\__, | / / / /
 =========|_|==============|___/=/_/_/_/
 :: Spring Boot ::                (v2.6.0)

2021-11-29 07:52:47.222  INFO 109605 --- [    Test worker] c.c.b.BasicCissBankApiApplicationTests   : Starting BasicCissBankApiApplicationTests using Java 1.8.0_292 on juliano-Vostro-5490 with PID 109605 (started by juliano in /home/juliano/TuntsCorpWorkSpace/basiccissbankapi)
2021-11-29 07:52:47.224  INFO 109605 --- [    Test worker] c.c.b.BasicCissBankApiApplicationTests   : No active profile set, falling back to default profiles: default
2021-11-29 07:52:47.700  INFO 109605 --- [    Test worker] .s.d.r.c.RepositoryConfigurationDelegate : Bootstrapping Spring Data JPA repositories in DEFAULT mode.
2021-11-29 07:52:47.754  INFO 109605 --- [    Test worker] .s.d.r.c.RepositoryConfigurationDelegate : Finished Spring Data repository scanning in 46 ms. Found 4 JPA repository interfaces.
2021-11-29 07:52:48.213  INFO 109605 --- [    Test worker] com.zaxxer.hikari.HikariDataSource       : HikariPool-1 - Starting...
2021-11-29 07:52:48.416  INFO 109605 --- [    Test worker] com.zaxxer.hikari.HikariDataSource       : HikariPool-1 - Start completed.
2021-11-29 07:52:48.480  INFO 109605 --- [    Test worker] o.hibernate.jpa.internal.util.LogHelper  : HHH000204: Processing PersistenceUnitInfo [name: default]
2021-11-29 07:52:48.520  INFO 109605 --- [    Test worker] org.hibernate.Version                    : HHH000412: Hibernate ORM core version 5.6.1.Final
2021-11-29 07:52:48.656  INFO 109605 --- [    Test worker] o.hibernate.annotations.common.Version   : HCANN000001: Hibernate Commons Annotations {5.1.2.Final}
2021-11-29 07:52:48.763  INFO 109605 --- [    Test worker] org.hibernate.dialect.Dialect            : HHH000400: Using dialect: org.hibernate.dialect.H2Dialect
2021-11-29 07:52:49.307  INFO 109605 --- [    Test worker] o.h.e.t.j.p.i.JtaPlatformInitiator       : HHH000490: Using JtaPlatform implementation: [org.hibernate.engine.transaction.jta.platform.internal.NoJtaPlatform]
2021-11-29 07:52:49.314  INFO 109605 --- [    Test worker] j.LocalContainerEntityManagerFactoryBean : Initialized JPA EntityManagerFactory for persistence unit 'default'
2021-11-29 07:52:49.362  WARN 109605 --- [    Test worker] JpaBaseConfiguration$JpaWebConfiguration : spring.jpa.open-in-view is enabled by default. Therefore, database queries may be performed during view rendering. Explicitly configure spring.jpa.open-in-view to disable this warning
2021-11-29 07:52:49.886  INFO 109605 --- [    Test worker] o.s.s.web.DefaultSecurityFilterChain     : Will secure any request with [org.springframework.security.web.context.request.async.WebAsyncManagerIntegrationFilter@1ff542a3, org.springframework.security.web.context.SecurityContextPersistenceFilter@1b19712f, org.springframework.security.web.header.HeaderWriterFilter@aedc426, org.springframework.security.web.authentication.logout.LogoutFilter@1b28cff, org.springframework.security.web.authentication.www.BasicAuthenticationFilter@d512c1, org.springframework.security.web.savedrequest.RequestCacheAwareFilter@510e4d79, org.springframework.security.web.servletapi.SecurityContextHolderAwareRequestFilter@4ef31221, org.springframework.security.web.authentication.AnonymousAuthenticationFilter@48ee3c2d, org.springframework.security.web.session.SessionManagementFilter@5477d90e, org.springframework.security.web.access.ExceptionTranslationFilter@5604b85, org.springframework.security.web.access.intercept.FilterSecurityInterceptor@bb50de6]
2021-11-29 07:52:50.620  INFO 109605 --- [    Test worker] c.c.b.BasicCissBankApiApplicationTests   : Started BasicCissBankApiApplicationTests in 3.606 seconds (JVM running for 4.425)
2021-11-29 07:52:50.865  INFO 109605 --- [    Test worker] AccountCreationService                   : New user created and saved. [individualId: 1]
2021-11-29 07:52:50.876  INFO 109605 --- [    Test worker] AccountCreationService                   : New account created and bound to user. [accountId: 2] [ownerNationalRegistration: 12345678910]
2021-11-29 07:52:50.883  INFO 109605 --- [    Test worker] AccountCreationService                   : New ledger created to account. [accountId: 2] [ledgerId: 3]
2021-11-29 07:52:50.890  INFO 109605 --- [    Test worker] AccountCreationService                   : Account seeking for approval found. [accountNumber: 1001000]
2021-11-29 07:52:50.913  INFO 109605 --- [    Test worker] AccountCreationService                   : Account approved/active. [accountNumber: 1001000]
2021-11-29 07:52:50.922  INFO 109605 --- [    Test worker] AccountCreationService                   : New account created and bound to user. [accountId: 4] [ownerNationalRegistration: 12345678910]
2021-11-29 07:52:50.924  INFO 109605 --- [    Test worker] AccountCreationService                   : New ledger created to account. [accountId: 4] [ledgerId: 5]
2021-11-29 07:52:50.925  INFO 109605 --- [    Test worker] AccountCreationService                   : Account seeking for approval found. [accountNumber: 1001001]
2021-11-29 07:52:50.934  INFO 109605 --- [    Test worker] AccountCreationService                   : Account approved/active. [accountNumber: 1001001]
2021-11-29 07:52:50.934  INFO 109605 --- [    Test worker] AccountCreationService                   : Account requested. [accountNumber: 1001000]
2021-11-29 07:52:50.935  INFO 109605 --- [    Test worker] AccountCreationService                   : Individual's all accounts requested. [nationalRegistration: 123.456.789-10]
2021-11-29 07:52:50.939  INFO 109605 --- [    Test worker] AccountCreationService                   : Account requested. [accountNumber: 1001001]
2021-11-29 07:52:50.940  INFO 109605 --- [    Test worker] AccountUtilitiesService                  : Account balance requested. [accountNumber: 1001000]
2021-11-29 07:52:50.954  INFO 109605 --- [    Test worker] TransactionManagerComponent              : AccountLedgers eligibilities validated for transaction. [fromAccountNumber: 1001000] [toAccountNumber: 1001001]
2021-11-29 07:52:50.964  INFO 109605 --- [    Test worker] TransactionManagerComponent              : Transaction wrote in database. [fromAccountNumber: 1001000] [toAccountNumber: 1001001] [transactionId: 6]
2021-11-29 07:52:50.971  INFO 109605 --- [    Test worker] TransactionManagerComponent              : Transaction successfully updated at accounts' balances. [fromAccountNumber: 1001000] [toAccountNumber: 1001001] [transactionId: 6]
2021-11-29 07:52:50.980  INFO 109605 --- [    Test worker] AccountUtilitiesService                  : Account statement requested. [accountNumber: 1001000]
2021-11-29 07:52:50.993  INFO 109605 --- [    Test worker] AccountCreationService                   : Account seeking for deletion found. [accountNumber: 1001000]
2021-11-29 07:52:51.001  INFO 109605 --- [    Test worker] AccountCreationService                   : AccountLedger (related to Account) deleted. [accountNumber: 1001000] [ledgerId: 3]
2021-11-29 07:52:51.002  INFO 109605 --- [    Test worker] AccountCreationService                   : Account requested. [accountNumber: 1001000]
2021-11-29 07:52:51.004  INFO 109605 --- [    Test worker] AccountCreationService                   : Account seeking for deletion not found. [accountNumber: 1001000]
2021-11-29 07:52:51.005  INFO 109605 --- [    Test worker] AccountCreationService                   : Account requested. [accountNumber: 1001000]
]]></system-out>
  <system-err><![CDATA[]]></system-err>
</testsuite>
