<?xml version="1.0" encoding="UTF-8"?>
<testsuite name="com.cissbank.basiccissbankapi.BasicCissBankApiApplicationTests" tests="2" skipped="0" failures="0" errors="0" timestamp="2021-11-29T11:01:06" hostname="juliano-Vostro-5490" time="0.177">
  <properties/>
  <testcase name="accountCreationServiceTest()" classname="com.cissbank.basiccissbankapi.BasicCissBankApiApplicationTests" time="0.006"/>
  <testcase name="applicationFullHappyPathTest()" classname="com.cissbank.basiccissbankapi.BasicCissBankApiApplicationTests" time="0.17"/>
  <system-out><![CDATA[2021-11-29 08:01:05.284  INFO 110438 --- [    Test worker] .b.t.c.SpringBootTestContextBootstrapper : Neither @ContextConfiguration nor @ContextHierarchy found for test class [com.cissbank.basiccissbankapi.BasicCissBankApiApplicationTests], using SpringBootContextLoader
2021-11-29 08:01:05.285  INFO 110438 --- [    Test worker] o.s.t.c.support.AbstractContextLoader    : Could not detect default resource locations for test class [com.cissbank.basiccissbankapi.BasicCissBankApiApplicationTests]: no resource found for suffixes {-context.xml, Context.groovy}.
2021-11-29 08:01:05.285  INFO 110438 --- [    Test worker] t.c.s.AnnotationConfigContextLoaderUtils : Could not detect default configuration classes for test class [com.cissbank.basiccissbankapi.BasicCissBankApiApplicationTests]: BasicCissBankApiApplicationTests does not declare any static, non-private, non-final, nested classes annotated with @Configuration.
2021-11-29 08:01:05.286  INFO 110438 --- [    Test worker] .b.t.c.SpringBootTestContextBootstrapper : Found @SpringBootConfiguration com.cissbank.basiccissbankapi.BasicCissBankApiApplication for test class com.cissbank.basiccissbankapi.BasicCissBankApiApplicationTests
2021-11-29 08:01:05.291  INFO 110438 --- [    Test worker] .b.t.c.SpringBootTestContextBootstrapper : Loaded default TestExecutionListener class names from location [META-INF/spring.factories]: [org.springframework.security.test.context.support.WithSecurityContextTestExecutionListener, org.springframework.security.test.context.support.ReactorContextTestExecutionListener, org.springframework.boot.test.autoconfigure.restdocs.RestDocsTestExecutionListener, org.springframework.boot.test.autoconfigure.web.client.MockRestServiceServerResetTestExecutionListener, org.springframework.boot.test.autoconfigure.web.servlet.MockMvcPrintOnlyOnFailureTestExecutionListener, org.springframework.boot.test.autoconfigure.web.servlet.WebDriverTestExecutionListener, org.springframework.boot.test.autoconfigure.webservices.client.MockWebServiceServerTestExecutionListener, org.springframework.boot.test.mock.mockito.MockitoTestExecutionListener, org.springframework.boot.test.mock.mockito.ResetMocksTestExecutionListener, org.springframework.test.context.web.ServletTestExecutionListener, org.springframework.test.context.support.DirtiesContextBeforeModesTestExecutionListener, org.springframework.test.context.event.ApplicationEventsTestExecutionListener, org.springframework.test.context.support.DependencyInjectionTestExecutionListener, org.springframework.test.context.support.DirtiesContextTestExecutionListener, org.springframework.test.context.transaction.TransactionalTestExecutionListener, org.springframework.test.context.jdbc.SqlScriptsTestExecutionListener, org.springframework.test.context.event.EventPublishingTestExecutionListener]
2021-11-29 08:01:05.292  INFO 110438 --- [    Test worker] .b.t.c.SpringBootTestContextBootstrapper : Using TestExecutionListeners: [org.springframework.test.context.web.ServletTestExecutionListener@7253c53, org.springframework.test.context.support.DirtiesContextBeforeModesTestExecutionListener@66d6e50b, org.springframework.test.context.event.ApplicationEventsTestExecutionListener@64829470, org.springframework.boot.test.mock.mockito.MockitoTestExecutionListener@1f95158a, org.springframework.boot.test.autoconfigure.SpringBootDependencyInjectionTestExecutionListener@31fc658f, org.springframework.test.context.support.DirtiesContextTestExecutionListener@60d32006, org.springframework.test.context.transaction.TransactionalTestExecutionListener@10820978, org.springframework.test.context.jdbc.SqlScriptsTestExecutionListener@278c67a7, org.springframework.security.test.context.support.WithSecurityContextTestExecutionListener@758ebec4, org.springframework.test.context.event.EventPublishingTestExecutionListener@c247363, org.springframework.security.test.context.support.ReactorContextTestExecutionListener@c6d7256, org.springframework.boot.test.autoconfigure.restdocs.RestDocsTestExecutionListener@48188d23, org.springframework.boot.test.autoconfigure.web.client.MockRestServiceServerResetTestExecutionListener@4860627a, org.springframework.boot.test.autoconfigure.web.servlet.MockMvcPrintOnlyOnFailureTestExecutionListener@67f0bf7e, org.springframework.boot.test.autoconfigure.web.servlet.WebDriverTestExecutionListener@e88e14, org.springframework.boot.test.autoconfigure.webservices.client.MockWebServiceServerTestExecutionListener@c157abf, org.springframework.boot.test.mock.mockito.ResetMocksTestExecutionListener@472dbaf5]

  .   ____          _            __ _ _
 /\\ / ___'_ __ _ _(_)_ __  __ _ \ \ \ \
( ( )\___ | '_ | '_| | '_ \/ _` | \ \ \ \
 \\/  ___)| |_)| | | | | || (_| |  ) ) ) )
  '  |____| .__|_| |_|_| |_\__, | / / / /
 =========|_|==============|___/=/_/_/_/
 :: Spring Boot ::                (v2.6.0)

2021-11-29 08:01:05.328  INFO 110438 --- [    Test worker] c.c.b.BasicCissBankApiApplicationTests   : Starting BasicCissBankApiApplicationTests using Java 16.0.1 on juliano-Vostro-5490 with PID 110438 (started by juliano in /home/juliano/TuntsCorpWorkSpace/basiccissbankapi)
2021-11-29 08:01:05.329  INFO 110438 --- [    Test worker] c.c.b.BasicCissBankApiApplicationTests   : No active profile set, falling back to default profiles: default
2021-11-29 08:01:05.574  INFO 110438 --- [    Test worker] .s.d.r.c.RepositoryConfigurationDelegate : Bootstrapping Spring Data JPA repositories in DEFAULT mode.
2021-11-29 08:01:05.586  INFO 110438 --- [    Test worker] .s.d.r.c.RepositoryConfigurationDelegate : Finished Spring Data repository scanning in 11 ms. Found 4 JPA repository interfaces.
2021-11-29 08:01:05.752  INFO 110438 --- [    Test worker] com.zaxxer.hikari.HikariDataSource       : HikariPool-1 - Starting...
2021-11-29 08:01:05.762  INFO 110438 --- [    Test worker] com.zaxxer.hikari.HikariDataSource       : HikariPool-1 - Start completed.
2021-11-29 08:01:05.777  INFO 110438 --- [    Test worker] o.hibernate.jpa.internal.util.LogHelper  : HHH000204: Processing PersistenceUnitInfo [name: default]
2021-11-29 08:01:05.780  INFO 110438 --- [    Test worker] org.hibernate.dialect.Dialect            : HHH000400: Using dialect: org.hibernate.dialect.H2Dialect
2021-11-29 08:01:05.879  INFO 110438 --- [    Test worker] o.h.e.t.j.p.i.JtaPlatformInitiator       : HHH000490: Using JtaPlatform implementation: [org.hibernate.engine.transaction.jta.platform.internal.NoJtaPlatform]
2021-11-29 08:01:05.880  INFO 110438 --- [    Test worker] j.LocalContainerEntityManagerFactoryBean : Initialized JPA EntityManagerFactory for persistence unit 'default'
2021-11-29 08:01:05.916  WARN 110438 --- [    Test worker] JpaBaseConfiguration$JpaWebConfiguration : spring.jpa.open-in-view is enabled by default. Therefore, database queries may be performed during view rendering. Explicitly configure spring.jpa.open-in-view to disable this warning
2021-11-29 08:01:06.180  INFO 110438 --- [    Test worker] o.s.s.web.DefaultSecurityFilterChain     : Will secure any request with [org.springframework.security.web.context.request.async.WebAsyncManagerIntegrationFilter@3705a85c, org.springframework.security.web.context.SecurityContextPersistenceFilter@7962a364, org.springframework.security.web.header.HeaderWriterFilter@26b150cd, org.springframework.security.web.authentication.logout.LogoutFilter@6c120b00, org.springframework.security.web.authentication.www.BasicAuthenticationFilter@5694f6a0, org.springframework.security.web.savedrequest.RequestCacheAwareFilter@258ac1e6, org.springframework.security.web.servletapi.SecurityContextHolderAwareRequestFilter@1b84d03d, org.springframework.security.web.authentication.AnonymousAuthenticationFilter@2284058a, org.springframework.security.web.session.SessionManagementFilter@722d3ddb, org.springframework.security.web.access.ExceptionTranslationFilter@2c1a0f82, org.springframework.security.web.access.intercept.FilterSecurityInterceptor@51ac72f7]
2021-11-29 08:01:06.825  INFO 110438 --- [    Test worker] c.c.b.BasicCissBankApiApplicationTests   : Started BasicCissBankApiApplicationTests in 1.519 seconds (JVM running for 4.863)
2021-11-29 08:01:06.841  INFO 110438 --- [    Test worker] HealthCheckService                       : System healthCheck requested. [count: 1]
2021-11-29 08:01:06.842  INFO 110438 --- [    Test worker] HealthCheckService                       : System healthCheck requested. [count: 2]
2021-11-29 08:01:06.882  INFO 110438 --- [    Test worker] AccountCreationService                   : New user created and saved. [individualId: 1]
2021-11-29 08:01:06.897  INFO 110438 --- [    Test worker] AccountCreationService                   : New account created and bound to user. [accountId: 2] [ownerNationalRegistration: 12345678910]
2021-11-29 08:01:06.905  INFO 110438 --- [    Test worker] AccountCreationService                   : New ledger created to account. [accountId: 2] [ledgerId: 3]
2021-11-29 08:01:06.910  INFO 110438 --- [    Test worker] AccountCreationService                   : Account seeking for approval found. [accountNumber: 1001000]
2021-11-29 08:01:06.932  INFO 110438 --- [    Test worker] AccountCreationService                   : Account approved/active. [accountNumber: 1001000]
2021-11-29 08:01:06.940  INFO 110438 --- [    Test worker] AccountCreationService                   : New account created and bound to user. [accountId: 4] [ownerNationalRegistration: 12345678910]
2021-11-29 08:01:06.942  INFO 110438 --- [    Test worker] AccountCreationService                   : New ledger created to account. [accountId: 4] [ledgerId: 5]
2021-11-29 08:01:06.944  INFO 110438 --- [    Test worker] AccountCreationService                   : Account seeking for approval found. [accountNumber: 1001001]
2021-11-29 08:01:06.954  INFO 110438 --- [    Test worker] AccountCreationService                   : Account approved/active. [accountNumber: 1001001]
2021-11-29 08:01:06.954  INFO 110438 --- [    Test worker] AccountCreationService                   : Account requested. [accountNumber: 1001000]
2021-11-29 08:01:06.955  INFO 110438 --- [    Test worker] AccountCreationService                   : Individual's all accounts requested. [nationalRegistration: 123.456.789-10]
2021-11-29 08:01:06.959  INFO 110438 --- [    Test worker] AccountCreationService                   : Account requested. [accountNumber: 1001001]
2021-11-29 08:01:06.960  INFO 110438 --- [    Test worker] AccountUtilitiesService                  : Account balance requested. [accountNumber: 1001000]
2021-11-29 08:01:06.974  INFO 110438 --- [    Test worker] TransactionManagerComponent              : AccountLedgers eligibilities validated for transaction. [fromAccountNumber: 1001000] [toAccountNumber: 1001001]
2021-11-29 08:01:06.983  INFO 110438 --- [    Test worker] TransactionManagerComponent              : Transaction wrote in database. [fromAccountNumber: 1001000] [toAccountNumber: 1001001] [transactionId: 6]
2021-11-29 08:01:06.988  INFO 110438 --- [    Test worker] TransactionManagerComponent              : Transaction successfully updated at accounts' balances. [fromAccountNumber: 1001000] [toAccountNumber: 1001001] [transactionId: 6]
2021-11-29 08:01:06.993  INFO 110438 --- [    Test worker] AccountUtilitiesService                  : Account statement requested. [accountNumber: 1001000]
2021-11-29 08:01:07.005  INFO 110438 --- [    Test worker] AccountCreationService                   : Account seeking for deletion found. [accountNumber: 1001000]
2021-11-29 08:01:07.012  INFO 110438 --- [    Test worker] AccountCreationService                   : AccountLedger (related to Account) deleted. [accountNumber: 1001000] [ledgerId: 3]
2021-11-29 08:01:07.012  INFO 110438 --- [    Test worker] AccountCreationService                   : Account requested. [accountNumber: 1001000]
2021-11-29 08:01:07.014  INFO 110438 --- [    Test worker] AccountCreationService                   : Account seeking for deletion not found. [accountNumber: 1001000]
]]></system-out>
  <system-err><![CDATA[]]></system-err>
</testsuite>
