<?xml version="1.0" encoding="UTF-8"?>
<testsuite name="com.cissbank.basiccissbankapi.LedgerRepositoryTest" tests="1" skipped="0" failures="0" errors="0" timestamp="2021-11-29T00:49:20" hostname="juliano-Vostro-5490" time="0.012">
  <properties/>
  <testcase name="ledgerRepositoryShouldWork()" classname="com.cissbank.basiccissbankapi.LedgerRepositoryTest" time="0.012"/>
  <system-out><![CDATA[2021-11-28 21:49:20.280  INFO 101814 --- [    Test worker] b.t.a.o.j.DataJpaTestContextBootstrapper : Neither @ContextConfiguration nor @ContextHierarchy found for test class [com.cissbank.basiccissbankapi.LedgerRepositoryTest], using SpringBootContextLoader
2021-11-28 21:49:20.281  INFO 101814 --- [    Test worker] o.s.t.c.support.AbstractContextLoader    : Could not detect default resource locations for test class [com.cissbank.basiccissbankapi.LedgerRepositoryTest]: no resource found for suffixes {-context.xml, Context.groovy}.
2021-11-28 21:49:20.281  INFO 101814 --- [    Test worker] t.c.s.AnnotationConfigContextLoaderUtils : Could not detect default configuration classes for test class [com.cissbank.basiccissbankapi.LedgerRepositoryTest]: LedgerRepositoryTest does not declare any static, non-private, non-final, nested classes annotated with @Configuration.
2021-11-28 21:49:20.283  INFO 101814 --- [    Test worker] .b.t.c.SpringBootTestContextBootstrapper : Found @SpringBootConfiguration com.cissbank.basiccissbankapi.BasicCissBankApiApplication for test class com.cissbank.basiccissbankapi.LedgerRepositoryTest
2021-11-28 21:49:20.284  INFO 101814 --- [    Test worker] b.t.a.o.j.DataJpaTestContextBootstrapper : Loaded default TestExecutionListener class names from location [META-INF/spring.factories]: [org.springframework.security.test.context.support.WithSecurityContextTestExecutionListener, org.springframework.security.test.context.support.ReactorContextTestExecutionListener, org.springframework.boot.test.autoconfigure.restdocs.RestDocsTestExecutionListener, org.springframework.boot.test.autoconfigure.web.client.MockRestServiceServerResetTestExecutionListener, org.springframework.boot.test.autoconfigure.web.servlet.MockMvcPrintOnlyOnFailureTestExecutionListener, org.springframework.boot.test.autoconfigure.web.servlet.WebDriverTestExecutionListener, org.springframework.boot.test.autoconfigure.webservices.client.MockWebServiceServerTestExecutionListener, org.springframework.boot.test.mock.mockito.MockitoTestExecutionListener, org.springframework.boot.test.mock.mockito.ResetMocksTestExecutionListener, org.springframework.test.context.web.ServletTestExecutionListener, org.springframework.test.context.support.DirtiesContextBeforeModesTestExecutionListener, org.springframework.test.context.event.ApplicationEventsTestExecutionListener, org.springframework.test.context.support.DependencyInjectionTestExecutionListener, org.springframework.test.context.support.DirtiesContextTestExecutionListener, org.springframework.test.context.transaction.TransactionalTestExecutionListener, org.springframework.test.context.jdbc.SqlScriptsTestExecutionListener, org.springframework.test.context.event.EventPublishingTestExecutionListener]
2021-11-28 21:49:20.285  INFO 101814 --- [    Test worker] b.t.a.o.j.DataJpaTestContextBootstrapper : Using TestExecutionListeners: [org.springframework.test.context.web.ServletTestExecutionListener@758e6acd, org.springframework.test.context.support.DirtiesContextBeforeModesTestExecutionListener@10ecf244, org.springframework.test.context.event.ApplicationEventsTestExecutionListener@28592982, org.springframework.boot.test.mock.mockito.MockitoTestExecutionListener@caee26e, org.springframework.boot.test.autoconfigure.SpringBootDependencyInjectionTestExecutionListener@a703934, org.springframework.test.context.support.DirtiesContextTestExecutionListener@7df994ec, org.springframework.test.context.transaction.TransactionalTestExecutionListener@1c8da7e8, org.springframework.test.context.jdbc.SqlScriptsTestExecutionListener@674b9b85, org.springframework.security.test.context.support.WithSecurityContextTestExecutionListener@6c79a7c1, org.springframework.test.context.event.EventPublishingTestExecutionListener@5d160056, org.springframework.security.test.context.support.ReactorContextTestExecutionListener@2c555efb, org.springframework.boot.test.autoconfigure.restdocs.RestDocsTestExecutionListener@17796f47, org.springframework.boot.test.autoconfigure.web.client.MockRestServiceServerResetTestExecutionListener@369f85c6, org.springframework.boot.test.autoconfigure.web.servlet.MockMvcPrintOnlyOnFailureTestExecutionListener@5b6637f3, org.springframework.boot.test.autoconfigure.web.servlet.WebDriverTestExecutionListener@5dc218e2, org.springframework.boot.test.autoconfigure.webservices.client.MockWebServiceServerTestExecutionListener@11d474a, org.springframework.boot.test.mock.mockito.ResetMocksTestExecutionListener@4be6531a]
2021-11-28 21:49:20.290  INFO 101814 --- [    Test worker] o.s.t.c.transaction.TransactionContext   : Began transaction (1) for test context [DefaultTestContext@7510824 testClass = LedgerRepositoryTest, testInstance = com.cissbank.basiccissbankapi.LedgerRepositoryTest@7ed6e557, testMethod = ledgerRepositoryShouldWork@LedgerRepositoryTest, testException = [null], mergedContextConfiguration = [MergedContextConfiguration@766ab25b testClass = LedgerRepositoryTest, locations = '{}', classes = '{class com.cissbank.basiccissbankapi.BasicCissBankApiApplication}', contextInitializerClasses = '[]', activeProfiles = '{}', propertySourceLocations = '{}', propertySourceProperties = '{org.springframework.boot.test.autoconfigure.orm.jpa.DataJpaTestContextBootstrapper=true}', contextCustomizers = set[org.springframework.boot.test.autoconfigure.OverrideAutoConfigurationContextCustomizerFactory$DisableAutoConfigurationContextCustomizer@4f5991f6, org.springframework.boot.test.autoconfigure.actuate.metrics.MetricsExportContextCustomizerFactory$DisableMetricExportContextCustomizer@2c07545f, org.springframework.boot.test.autoconfigure.filter.TypeExcludeFiltersContextCustomizer@351584c0, org.springframework.boot.test.autoconfigure.properties.PropertyMappingContextCustomizer@29c42239, org.springframework.boot.test.autoconfigure.web.servlet.WebDriverContextCustomizerFactory$Customizer@3c7c886c, [ImportsContextCustomizer@735d7b99 key = [org.springframework.boot.autoconfigure.cache.CacheAutoConfiguration, org.springframework.boot.autoconfigure.data.jpa.JpaRepositoriesAutoConfiguration, org.springframework.boot.autoconfigure.flyway.FlywayAutoConfiguration, org.springframework.boot.autoconfigure.jdbc.DataSourceAutoConfiguration, org.springframework.boot.autoconfigure.jdbc.DataSourceTransactionManagerAutoConfiguration, org.springframework.boot.autoconfigure.jdbc.JdbcTemplateAutoConfiguration, org.springframework.boot.autoconfigure.liquibase.LiquibaseAutoConfiguration, org.springframework.boot.autoconfigure.orm.jpa.HibernateJpaAutoConfiguration, org.springframework.boot.autoconfigure.sql.init.SqlInitializationAutoConfiguration, org.springframework.boot.autoconfigure.transaction.TransactionAutoConfiguration, org.springframework.boot.test.autoconfigure.jdbc.TestDatabaseAutoConfiguration, org.springframework.boot.test.autoconfigure.orm.jpa.TestEntityManagerAutoConfiguration]], org.springframework.boot.test.context.filter.ExcludeFilterContextCustomizer@2ea6e30c, org.springframework.boot.test.json.DuplicateJsonObjectContextCustomizerFactory$DuplicateJsonObjectContextCustomizer@388526fb, org.springframework.boot.test.mock.mockito.MockitoContextCustomizer@0, org.springframework.boot.test.context.SpringBootTestArgs@1, org.springframework.boot.test.context.SpringBootTestWebEnvironment@0], contextLoader = 'org.springframework.boot.test.context.SpringBootContextLoader', parent = [null]], attributes = map['org.springframework.test.context.event.ApplicationEventsTestExecutionListener.recordApplicationEvents' -> false]]; transaction manager [org.springframework.orm.jpa.JpaTransactionManager@174e1b99]; rollback [true]
Hibernate: select accountled0_.id as id1_1_, accountled0_.balance as balance2_1_, accountled0_.last_transaction_id as last_tra3_1_, accountled0_.owner_account_number as owner_ac4_1_, accountled0_.status as status5_1_ from account_ledger accountled0_ where accountled0_.owner_account_number=?
Hibernate: call next value for hibernate_sequence
Hibernate: insert into account_ledger (balance, last_transaction_id, owner_account_number, status, id) values (?, ?, ?, ?, ?)
Hibernate: select accountled0_.id as id1_1_, accountled0_.balance as balance2_1_, accountled0_.last_transaction_id as last_tra3_1_, accountled0_.owner_account_number as owner_ac4_1_, accountled0_.status as status5_1_ from account_ledger accountled0_ where accountled0_.owner_account_number=?
2021-11-28 21:49:20.299  INFO 101814 --- [    Test worker] o.s.t.c.transaction.TransactionContext   : Rolled back transaction for test: [DefaultTestContext@7510824 testClass = LedgerRepositoryTest, testInstance = com.cissbank.basiccissbankapi.LedgerRepositoryTest@7ed6e557, testMethod = ledgerRepositoryShouldWork@LedgerRepositoryTest, testException = [null], mergedContextConfiguration = [MergedContextConfiguration@766ab25b testClass = LedgerRepositoryTest, locations = '{}', classes = '{class com.cissbank.basiccissbankapi.BasicCissBankApiApplication}', contextInitializerClasses = '[]', activeProfiles = '{}', propertySourceLocations = '{}', propertySourceProperties = '{org.springframework.boot.test.autoconfigure.orm.jpa.DataJpaTestContextBootstrapper=true}', contextCustomizers = set[org.springframework.boot.test.autoconfigure.OverrideAutoConfigurationContextCustomizerFactory$DisableAutoConfigurationContextCustomizer@4f5991f6, org.springframework.boot.test.autoconfigure.actuate.metrics.MetricsExportContextCustomizerFactory$DisableMetricExportContextCustomizer@2c07545f, org.springframework.boot.test.autoconfigure.filter.TypeExcludeFiltersContextCustomizer@351584c0, org.springframework.boot.test.autoconfigure.properties.PropertyMappingContextCustomizer@29c42239, org.springframework.boot.test.autoconfigure.web.servlet.WebDriverContextCustomizerFactory$Customizer@3c7c886c, [ImportsContextCustomizer@735d7b99 key = [org.springframework.boot.autoconfigure.cache.CacheAutoConfiguration, org.springframework.boot.autoconfigure.data.jpa.JpaRepositoriesAutoConfiguration, org.springframework.boot.autoconfigure.flyway.FlywayAutoConfiguration, org.springframework.boot.autoconfigure.jdbc.DataSourceAutoConfiguration, org.springframework.boot.autoconfigure.jdbc.DataSourceTransactionManagerAutoConfiguration, org.springframework.boot.autoconfigure.jdbc.JdbcTemplateAutoConfiguration, org.springframework.boot.autoconfigure.liquibase.LiquibaseAutoConfiguration, org.springframework.boot.autoconfigure.orm.jpa.HibernateJpaAutoConfiguration, org.springframework.boot.autoconfigure.sql.init.SqlInitializationAutoConfiguration, org.springframework.boot.autoconfigure.transaction.TransactionAutoConfiguration, org.springframework.boot.test.autoconfigure.jdbc.TestDatabaseAutoConfiguration, org.springframework.boot.test.autoconfigure.orm.jpa.TestEntityManagerAutoConfiguration]], org.springframework.boot.test.context.filter.ExcludeFilterContextCustomizer@2ea6e30c, org.springframework.boot.test.json.DuplicateJsonObjectContextCustomizerFactory$DuplicateJsonObjectContextCustomizer@388526fb, org.springframework.boot.test.mock.mockito.MockitoContextCustomizer@0, org.springframework.boot.test.context.SpringBootTestArgs@1, org.springframework.boot.test.context.SpringBootTestWebEnvironment@0], contextLoader = 'org.springframework.boot.test.context.SpringBootContextLoader', parent = [null]], attributes = map['org.springframework.test.context.event.ApplicationEventsTestExecutionListener.recordApplicationEvents' -> false]]
]]></system-out>
  <system-err><![CDATA[]]></system-err>
</testsuite>
