<?xml version="1.0" encoding="UTF-8"?>
<testsuite name="com.cissbank.basiccissbankapi.LedgerTransactionRepositoryTest" tests="3" skipped="0" failures="0" errors="0" timestamp="2021-11-29T00:49:20" hostname="juliano-Vostro-5490" time="0.037">
  <properties/>
  <testcase name="ledgerTransactionRepositoryShouldSaveDeposit()" classname="com.cissbank.basiccissbankapi.LedgerTransactionRepositoryTest" time="0.012"/>
  <testcase name="ledgerTransactionRepositoryShouldSaveWithdrawal()" classname="com.cissbank.basiccissbankapi.LedgerTransactionRepositoryTest" time="0.014"/>
  <testcase name="ledgerTransactionRepositoryShouldSaveElectronicTransfer()" classname="com.cissbank.basiccissbankapi.LedgerTransactionRepositoryTest" time="0.008"/>
  <system-out><![CDATA[2021-11-28 21:49:20.301  INFO 101814 --- [    Test worker] b.t.a.o.j.DataJpaTestContextBootstrapper : Neither @ContextConfiguration nor @ContextHierarchy found for test class [com.cissbank.basiccissbankapi.LedgerTransactionRepositoryTest], using SpringBootContextLoader
2021-11-28 21:49:20.302  INFO 101814 --- [    Test worker] o.s.t.c.support.AbstractContextLoader    : Could not detect default resource locations for test class [com.cissbank.basiccissbankapi.LedgerTransactionRepositoryTest]: no resource found for suffixes {-context.xml, Context.groovy}.
2021-11-28 21:49:20.302  INFO 101814 --- [    Test worker] t.c.s.AnnotationConfigContextLoaderUtils : Could not detect default configuration classes for test class [com.cissbank.basiccissbankapi.LedgerTransactionRepositoryTest]: LedgerTransactionRepositoryTest does not declare any static, non-private, non-final, nested classes annotated with @Configuration.
2021-11-28 21:49:20.304  INFO 101814 --- [    Test worker] .b.t.c.SpringBootTestContextBootstrapper : Found @SpringBootConfiguration com.cissbank.basiccissbankapi.BasicCissBankApiApplication for test class com.cissbank.basiccissbankapi.LedgerTransactionRepositoryTest
2021-11-28 21:49:20.305  INFO 101814 --- [    Test worker] b.t.a.o.j.DataJpaTestContextBootstrapper : Loaded default TestExecutionListener class names from location [META-INF/spring.factories]: [org.springframework.security.test.context.support.WithSecurityContextTestExecutionListener, org.springframework.security.test.context.support.ReactorContextTestExecutionListener, org.springframework.boot.test.autoconfigure.restdocs.RestDocsTestExecutionListener, org.springframework.boot.test.autoconfigure.web.client.MockRestServiceServerResetTestExecutionListener, org.springframework.boot.test.autoconfigure.web.servlet.MockMvcPrintOnlyOnFailureTestExecutionListener, org.springframework.boot.test.autoconfigure.web.servlet.WebDriverTestExecutionListener, org.springframework.boot.test.autoconfigure.webservices.client.MockWebServiceServerTestExecutionListener, org.springframework.boot.test.mock.mockito.MockitoTestExecutionListener, org.springframework.boot.test.mock.mockito.ResetMocksTestExecutionListener, org.springframework.test.context.web.ServletTestExecutionListener, org.springframework.test.context.support.DirtiesContextBeforeModesTestExecutionListener, org.springframework.test.context.event.ApplicationEventsTestExecutionListener, org.springframework.test.context.support.DependencyInjectionTestExecutionListener, org.springframework.test.context.support.DirtiesContextTestExecutionListener, org.springframework.test.context.transaction.TransactionalTestExecutionListener, org.springframework.test.context.jdbc.SqlScriptsTestExecutionListener, org.springframework.test.context.event.EventPublishingTestExecutionListener]
2021-11-28 21:49:20.305  INFO 101814 --- [    Test worker] b.t.a.o.j.DataJpaTestContextBootstrapper : Using TestExecutionListeners: [org.springframework.test.context.web.ServletTestExecutionListener@6f959640, org.springframework.test.context.support.DirtiesContextBeforeModesTestExecutionListener@5fdebe73, org.springframework.test.context.event.ApplicationEventsTestExecutionListener@6919a8a, org.springframework.boot.test.mock.mockito.MockitoTestExecutionListener@23c0fcf0, org.springframework.boot.test.autoconfigure.SpringBootDependencyInjectionTestExecutionListener@60a4595e, org.springframework.test.context.support.DirtiesContextTestExecutionListener@4a234e1f, org.springframework.test.context.transaction.TransactionalTestExecutionListener@406cc81b, org.springframework.test.context.jdbc.SqlScriptsTestExecutionListener@64ef9b9a, org.springframework.security.test.context.support.WithSecurityContextTestExecutionListener@264340f0, org.springframework.test.context.event.EventPublishingTestExecutionListener@7640a191, org.springframework.security.test.context.support.ReactorContextTestExecutionListener@504a9352, org.springframework.boot.test.autoconfigure.restdocs.RestDocsTestExecutionListener@48e1e18a, org.springframework.boot.test.autoconfigure.web.client.MockRestServiceServerResetTestExecutionListener@74997ca6, org.springframework.boot.test.autoconfigure.web.servlet.MockMvcPrintOnlyOnFailureTestExecutionListener@7a6078d, org.springframework.boot.test.autoconfigure.web.servlet.WebDriverTestExecutionListener@372c428, org.springframework.boot.test.autoconfigure.webservices.client.MockWebServiceServerTestExecutionListener@4458887d, org.springframework.boot.test.mock.mockito.ResetMocksTestExecutionListener@7b1bb01c]
2021-11-28 21:49:20.309  INFO 101814 --- [    Test worker] o.s.t.c.transaction.TransactionContext   : Began transaction (1) for test context [DefaultTestContext@59ebe484 testClass = LedgerTransactionRepositoryTest, testInstance = com.cissbank.basiccissbankapi.LedgerTransactionRepositoryTest@7fd624f5, testMethod = ledgerTransactionRepositoryShouldSaveDeposit@LedgerTransactionRepositoryTest, testException = [null], mergedContextConfiguration = [MergedContextConfiguration@1cafb30 testClass = LedgerTransactionRepositoryTest, locations = '{}', classes = '{class com.cissbank.basiccissbankapi.BasicCissBankApiApplication}', contextInitializerClasses = '[]', activeProfiles = '{}', propertySourceLocations = '{}', propertySourceProperties = '{org.springframework.boot.test.autoconfigure.orm.jpa.DataJpaTestContextBootstrapper=true}', contextCustomizers = set[org.springframework.boot.test.autoconfigure.OverrideAutoConfigurationContextCustomizerFactory$DisableAutoConfigurationContextCustomizer@4f5991f6, org.springframework.boot.test.autoconfigure.actuate.metrics.MetricsExportContextCustomizerFactory$DisableMetricExportContextCustomizer@2c07545f, org.springframework.boot.test.autoconfigure.filter.TypeExcludeFiltersContextCustomizer@351584c0, org.springframework.boot.test.autoconfigure.properties.PropertyMappingContextCustomizer@29c42239, org.springframework.boot.test.autoconfigure.web.servlet.WebDriverContextCustomizerFactory$Customizer@3c7c886c, [ImportsContextCustomizer@5cc28282 key = [org.springframework.boot.autoconfigure.cache.CacheAutoConfiguration, org.springframework.boot.autoconfigure.data.jpa.JpaRepositoriesAutoConfiguration, org.springframework.boot.autoconfigure.flyway.FlywayAutoConfiguration, org.springframework.boot.autoconfigure.jdbc.DataSourceAutoConfiguration, org.springframework.boot.autoconfigure.jdbc.DataSourceTransactionManagerAutoConfiguration, org.springframework.boot.autoconfigure.jdbc.JdbcTemplateAutoConfiguration, org.springframework.boot.autoconfigure.liquibase.LiquibaseAutoConfiguration, org.springframework.boot.autoconfigure.orm.jpa.HibernateJpaAutoConfiguration, org.springframework.boot.autoconfigure.sql.init.SqlInitializationAutoConfiguration, org.springframework.boot.autoconfigure.transaction.TransactionAutoConfiguration, org.springframework.boot.test.autoconfigure.jdbc.TestDatabaseAutoConfiguration, org.springframework.boot.test.autoconfigure.orm.jpa.TestEntityManagerAutoConfiguration]], org.springframework.boot.test.context.filter.ExcludeFilterContextCustomizer@2ea6e30c, org.springframework.boot.test.json.DuplicateJsonObjectContextCustomizerFactory$DuplicateJsonObjectContextCustomizer@388526fb, org.springframework.boot.test.mock.mockito.MockitoContextCustomizer@0, org.springframework.boot.test.context.SpringBootTestArgs@1, org.springframework.boot.test.context.SpringBootTestWebEnvironment@0], contextLoader = 'org.springframework.boot.test.context.SpringBootContextLoader', parent = [null]], attributes = map['org.springframework.test.context.event.ApplicationEventsTestExecutionListener.recordApplicationEvents' -> false]]; transaction manager [org.springframework.orm.jpa.JpaTransactionManager@174e1b99]; rollback [true]
Hibernate: call next value for hibernate_sequence
Hibernate: insert into ledger_transaction (amount, created_at, from_account_number, to_account_number, transfer_type, dtype, id) values (?, ?, ?, ?, ?, 'Deposit', ?)
Hibernate: select ledgertran0_.id as id2_3_, ledgertran0_.amount as amount3_3_, ledgertran0_.created_at as created_4_3_, ledgertran0_.from_account_number as from_acc5_3_, ledgertran0_.to_account_number as to_accou6_3_, ledgertran0_.transfer_type as transfer7_3_, ledgertran0_.dtype as dtype1_3_ from ledger_transaction ledgertran0_ where ledgertran0_.to_account_number=? limit ?
2021-11-28 21:49:20.319  INFO 101814 --- [    Test worker] o.s.t.c.transaction.TransactionContext   : Rolled back transaction for test: [DefaultTestContext@59ebe484 testClass = LedgerTransactionRepositoryTest, testInstance = com.cissbank.basiccissbankapi.LedgerTransactionRepositoryTest@7fd624f5, testMethod = ledgerTransactionRepositoryShouldSaveDeposit@LedgerTransactionRepositoryTest, testException = [null], mergedContextConfiguration = [MergedContextConfiguration@1cafb30 testClass = LedgerTransactionRepositoryTest, locations = '{}', classes = '{class com.cissbank.basiccissbankapi.BasicCissBankApiApplication}', contextInitializerClasses = '[]', activeProfiles = '{}', propertySourceLocations = '{}', propertySourceProperties = '{org.springframework.boot.test.autoconfigure.orm.jpa.DataJpaTestContextBootstrapper=true}', contextCustomizers = set[org.springframework.boot.test.autoconfigure.OverrideAutoConfigurationContextCustomizerFactory$DisableAutoConfigurationContextCustomizer@4f5991f6, org.springframework.boot.test.autoconfigure.actuate.metrics.MetricsExportContextCustomizerFactory$DisableMetricExportContextCustomizer@2c07545f, org.springframework.boot.test.autoconfigure.filter.TypeExcludeFiltersContextCustomizer@351584c0, org.springframework.boot.test.autoconfigure.properties.PropertyMappingContextCustomizer@29c42239, org.springframework.boot.test.autoconfigure.web.servlet.WebDriverContextCustomizerFactory$Customizer@3c7c886c, [ImportsContextCustomizer@5cc28282 key = [org.springframework.boot.autoconfigure.cache.CacheAutoConfiguration, org.springframework.boot.autoconfigure.data.jpa.JpaRepositoriesAutoConfiguration, org.springframework.boot.autoconfigure.flyway.FlywayAutoConfiguration, org.springframework.boot.autoconfigure.jdbc.DataSourceAutoConfiguration, org.springframework.boot.autoconfigure.jdbc.DataSourceTransactionManagerAutoConfiguration, org.springframework.boot.autoconfigure.jdbc.JdbcTemplateAutoConfiguration, org.springframework.boot.autoconfigure.liquibase.LiquibaseAutoConfiguration, org.springframework.boot.autoconfigure.orm.jpa.HibernateJpaAutoConfiguration, org.springframework.boot.autoconfigure.sql.init.SqlInitializationAutoConfiguration, org.springframework.boot.autoconfigure.transaction.TransactionAutoConfiguration, org.springframework.boot.test.autoconfigure.jdbc.TestDatabaseAutoConfiguration, org.springframework.boot.test.autoconfigure.orm.jpa.TestEntityManagerAutoConfiguration]], org.springframework.boot.test.context.filter.ExcludeFilterContextCustomizer@2ea6e30c, org.springframework.boot.test.json.DuplicateJsonObjectContextCustomizerFactory$DuplicateJsonObjectContextCustomizer@388526fb, org.springframework.boot.test.mock.mockito.MockitoContextCustomizer@0, org.springframework.boot.test.context.SpringBootTestArgs@1, org.springframework.boot.test.context.SpringBootTestWebEnvironment@0], contextLoader = 'org.springframework.boot.test.context.SpringBootContextLoader', parent = [null]], attributes = map['org.springframework.test.context.event.ApplicationEventsTestExecutionListener.recordApplicationEvents' -> false]]
2021-11-28 21:49:20.324  INFO 101814 --- [    Test worker] o.s.t.c.transaction.TransactionContext   : Began transaction (1) for test context [DefaultTestContext@59ebe484 testClass = LedgerTransactionRepositoryTest, testInstance = com.cissbank.basiccissbankapi.LedgerTransactionRepositoryTest@383d2e2d, testMethod = ledgerTransactionRepositoryShouldSaveWithdrawal@LedgerTransactionRepositoryTest, testException = [null], mergedContextConfiguration = [MergedContextConfiguration@1cafb30 testClass = LedgerTransactionRepositoryTest, locations = '{}', classes = '{class com.cissbank.basiccissbankapi.BasicCissBankApiApplication}', contextInitializerClasses = '[]', activeProfiles = '{}', propertySourceLocations = '{}', propertySourceProperties = '{org.springframework.boot.test.autoconfigure.orm.jpa.DataJpaTestContextBootstrapper=true}', contextCustomizers = set[org.springframework.boot.test.autoconfigure.OverrideAutoConfigurationContextCustomizerFactory$DisableAutoConfigurationContextCustomizer@4f5991f6, org.springframework.boot.test.autoconfigure.actuate.metrics.MetricsExportContextCustomizerFactory$DisableMetricExportContextCustomizer@2c07545f, org.springframework.boot.test.autoconfigure.filter.TypeExcludeFiltersContextCustomizer@351584c0, org.springframework.boot.test.autoconfigure.properties.PropertyMappingContextCustomizer@29c42239, org.springframework.boot.test.autoconfigure.web.servlet.WebDriverContextCustomizerFactory$Customizer@3c7c886c, [ImportsContextCustomizer@5cc28282 key = [org.springframework.boot.autoconfigure.cache.CacheAutoConfiguration, org.springframework.boot.autoconfigure.data.jpa.JpaRepositoriesAutoConfiguration, org.springframework.boot.autoconfigure.flyway.FlywayAutoConfiguration, org.springframework.boot.autoconfigure.jdbc.DataSourceAutoConfiguration, org.springframework.boot.autoconfigure.jdbc.DataSourceTransactionManagerAutoConfiguration, org.springframework.boot.autoconfigure.jdbc.JdbcTemplateAutoConfiguration, org.springframework.boot.autoconfigure.liquibase.LiquibaseAutoConfiguration, org.springframework.boot.autoconfigure.orm.jpa.HibernateJpaAutoConfiguration, org.springframework.boot.autoconfigure.sql.init.SqlInitializationAutoConfiguration, org.springframework.boot.autoconfigure.transaction.TransactionAutoConfiguration, org.springframework.boot.test.autoconfigure.jdbc.TestDatabaseAutoConfiguration, org.springframework.boot.test.autoconfigure.orm.jpa.TestEntityManagerAutoConfiguration]], org.springframework.boot.test.context.filter.ExcludeFilterContextCustomizer@2ea6e30c, org.springframework.boot.test.json.DuplicateJsonObjectContextCustomizerFactory$DuplicateJsonObjectContextCustomizer@388526fb, org.springframework.boot.test.mock.mockito.MockitoContextCustomizer@0, org.springframework.boot.test.context.SpringBootTestArgs@1, org.springframework.boot.test.context.SpringBootTestWebEnvironment@0], contextLoader = 'org.springframework.boot.test.context.SpringBootContextLoader', parent = [null]], attributes = map['org.springframework.test.context.event.ApplicationEventsTestExecutionListener.recordApplicationEvents' -> false]]; transaction manager [org.springframework.orm.jpa.JpaTransactionManager@174e1b99]; rollback [true]
Hibernate: call next value for hibernate_sequence
Hibernate: insert into ledger_transaction (amount, created_at, from_account_number, to_account_number, transfer_type, dtype, id) values (?, ?, ?, ?, ?, 'Withdrawal', ?)
Hibernate: select ledgertran0_.id as id2_3_, ledgertran0_.amount as amount3_3_, ledgertran0_.created_at as created_4_3_, ledgertran0_.from_account_number as from_acc5_3_, ledgertran0_.to_account_number as to_accou6_3_, ledgertran0_.transfer_type as transfer7_3_, ledgertran0_.dtype as dtype1_3_ from ledger_transaction ledgertran0_ where ledgertran0_.from_account_number=? limit ?
2021-11-28 21:49:20.334  INFO 101814 --- [    Test worker] o.s.t.c.transaction.TransactionContext   : Rolled back transaction for test: [DefaultTestContext@59ebe484 testClass = LedgerTransactionRepositoryTest, testInstance = com.cissbank.basiccissbankapi.LedgerTransactionRepositoryTest@383d2e2d, testMethod = ledgerTransactionRepositoryShouldSaveWithdrawal@LedgerTransactionRepositoryTest, testException = [null], mergedContextConfiguration = [MergedContextConfiguration@1cafb30 testClass = LedgerTransactionRepositoryTest, locations = '{}', classes = '{class com.cissbank.basiccissbankapi.BasicCissBankApiApplication}', contextInitializerClasses = '[]', activeProfiles = '{}', propertySourceLocations = '{}', propertySourceProperties = '{org.springframework.boot.test.autoconfigure.orm.jpa.DataJpaTestContextBootstrapper=true}', contextCustomizers = set[org.springframework.boot.test.autoconfigure.OverrideAutoConfigurationContextCustomizerFactory$DisableAutoConfigurationContextCustomizer@4f5991f6, org.springframework.boot.test.autoconfigure.actuate.metrics.MetricsExportContextCustomizerFactory$DisableMetricExportContextCustomizer@2c07545f, org.springframework.boot.test.autoconfigure.filter.TypeExcludeFiltersContextCustomizer@351584c0, org.springframework.boot.test.autoconfigure.properties.PropertyMappingContextCustomizer@29c42239, org.springframework.boot.test.autoconfigure.web.servlet.WebDriverContextCustomizerFactory$Customizer@3c7c886c, [ImportsContextCustomizer@5cc28282 key = [org.springframework.boot.autoconfigure.cache.CacheAutoConfiguration, org.springframework.boot.autoconfigure.data.jpa.JpaRepositoriesAutoConfiguration, org.springframework.boot.autoconfigure.flyway.FlywayAutoConfiguration, org.springframework.boot.autoconfigure.jdbc.DataSourceAutoConfiguration, org.springframework.boot.autoconfigure.jdbc.DataSourceTransactionManagerAutoConfiguration, org.springframework.boot.autoconfigure.jdbc.JdbcTemplateAutoConfiguration, org.springframework.boot.autoconfigure.liquibase.LiquibaseAutoConfiguration, org.springframework.boot.autoconfigure.orm.jpa.HibernateJpaAutoConfiguration, org.springframework.boot.autoconfigure.sql.init.SqlInitializationAutoConfiguration, org.springframework.boot.autoconfigure.transaction.TransactionAutoConfiguration, org.springframework.boot.test.autoconfigure.jdbc.TestDatabaseAutoConfiguration, org.springframework.boot.test.autoconfigure.orm.jpa.TestEntityManagerAutoConfiguration]], org.springframework.boot.test.context.filter.ExcludeFilterContextCustomizer@2ea6e30c, org.springframework.boot.test.json.DuplicateJsonObjectContextCustomizerFactory$DuplicateJsonObjectContextCustomizer@388526fb, org.springframework.boot.test.mock.mockito.MockitoContextCustomizer@0, org.springframework.boot.test.context.SpringBootTestArgs@1, org.springframework.boot.test.context.SpringBootTestWebEnvironment@0], contextLoader = 'org.springframework.boot.test.context.SpringBootContextLoader', parent = [null]], attributes = map['org.springframework.test.context.event.ApplicationEventsTestExecutionListener.recordApplicationEvents' -> false]]
2021-11-28 21:49:20.338  INFO 101814 --- [    Test worker] o.s.t.c.transaction.TransactionContext   : Began transaction (1) for test context [DefaultTestContext@59ebe484 testClass = LedgerTransactionRepositoryTest, testInstance = com.cissbank.basiccissbankapi.LedgerTransactionRepositoryTest@72cf159f, testMethod = ledgerTransactionRepositoryShouldSaveElectronicTransfer@LedgerTransactionRepositoryTest, testException = [null], mergedContextConfiguration = [MergedContextConfiguration@1cafb30 testClass = LedgerTransactionRepositoryTest, locations = '{}', classes = '{class com.cissbank.basiccissbankapi.BasicCissBankApiApplication}', contextInitializerClasses = '[]', activeProfiles = '{}', propertySourceLocations = '{}', propertySourceProperties = '{org.springframework.boot.test.autoconfigure.orm.jpa.DataJpaTestContextBootstrapper=true}', contextCustomizers = set[org.springframework.boot.test.autoconfigure.OverrideAutoConfigurationContextCustomizerFactory$DisableAutoConfigurationContextCustomizer@4f5991f6, org.springframework.boot.test.autoconfigure.actuate.metrics.MetricsExportContextCustomizerFactory$DisableMetricExportContextCustomizer@2c07545f, org.springframework.boot.test.autoconfigure.filter.TypeExcludeFiltersContextCustomizer@351584c0, org.springframework.boot.test.autoconfigure.properties.PropertyMappingContextCustomizer@29c42239, org.springframework.boot.test.autoconfigure.web.servlet.WebDriverContextCustomizerFactory$Customizer@3c7c886c, [ImportsContextCustomizer@5cc28282 key = [org.springframework.boot.autoconfigure.cache.CacheAutoConfiguration, org.springframework.boot.autoconfigure.data.jpa.JpaRepositoriesAutoConfiguration, org.springframework.boot.autoconfigure.flyway.FlywayAutoConfiguration, org.springframework.boot.autoconfigure.jdbc.DataSourceAutoConfiguration, org.springframework.boot.autoconfigure.jdbc.DataSourceTransactionManagerAutoConfiguration, org.springframework.boot.autoconfigure.jdbc.JdbcTemplateAutoConfiguration, org.springframework.boot.autoconfigure.liquibase.LiquibaseAutoConfiguration, org.springframework.boot.autoconfigure.orm.jpa.HibernateJpaAutoConfiguration, org.springframework.boot.autoconfigure.sql.init.SqlInitializationAutoConfiguration, org.springframework.boot.autoconfigure.transaction.TransactionAutoConfiguration, org.springframework.boot.test.autoconfigure.jdbc.TestDatabaseAutoConfiguration, org.springframework.boot.test.autoconfigure.orm.jpa.TestEntityManagerAutoConfiguration]], org.springframework.boot.test.context.filter.ExcludeFilterContextCustomizer@2ea6e30c, org.springframework.boot.test.json.DuplicateJsonObjectContextCustomizerFactory$DuplicateJsonObjectContextCustomizer@388526fb, org.springframework.boot.test.mock.mockito.MockitoContextCustomizer@0, org.springframework.boot.test.context.SpringBootTestArgs@1, org.springframework.boot.test.context.SpringBootTestWebEnvironment@0], contextLoader = 'org.springframework.boot.test.context.SpringBootContextLoader', parent = [null]], attributes = map['org.springframework.test.context.event.ApplicationEventsTestExecutionListener.recordApplicationEvents' -> false]]; transaction manager [org.springframework.orm.jpa.JpaTransactionManager@174e1b99]; rollback [true]
Hibernate: call next value for hibernate_sequence
Hibernate: insert into ledger_transaction (amount, created_at, from_account_number, to_account_number, transfer_type, dtype, id) values (?, ?, ?, ?, ?, 'ElectronicTransfer', ?)
Hibernate: select ledgertran0_.id as id2_3_, ledgertran0_.amount as amount3_3_, ledgertran0_.created_at as created_4_3_, ledgertran0_.from_account_number as from_acc5_3_, ledgertran0_.to_account_number as to_accou6_3_, ledgertran0_.transfer_type as transfer7_3_, ledgertran0_.dtype as dtype1_3_ from ledger_transaction ledgertran0_ where ledgertran0_.from_account_number=? limit ?
2021-11-28 21:49:20.344  INFO 101814 --- [    Test worker] o.s.t.c.transaction.TransactionContext   : Rolled back transaction for test: [DefaultTestContext@59ebe484 testClass = LedgerTransactionRepositoryTest, testInstance = com.cissbank.basiccissbankapi.LedgerTransactionRepositoryTest@72cf159f, testMethod = ledgerTransactionRepositoryShouldSaveElectronicTransfer@LedgerTransactionRepositoryTest, testException = [null], mergedContextConfiguration = [MergedContextConfiguration@1cafb30 testClass = LedgerTransactionRepositoryTest, locations = '{}', classes = '{class com.cissbank.basiccissbankapi.BasicCissBankApiApplication}', contextInitializerClasses = '[]', activeProfiles = '{}', propertySourceLocations = '{}', propertySourceProperties = '{org.springframework.boot.test.autoconfigure.orm.jpa.DataJpaTestContextBootstrapper=true}', contextCustomizers = set[org.springframework.boot.test.autoconfigure.OverrideAutoConfigurationContextCustomizerFactory$DisableAutoConfigurationContextCustomizer@4f5991f6, org.springframework.boot.test.autoconfigure.actuate.metrics.MetricsExportContextCustomizerFactory$DisableMetricExportContextCustomizer@2c07545f, org.springframework.boot.test.autoconfigure.filter.TypeExcludeFiltersContextCustomizer@351584c0, org.springframework.boot.test.autoconfigure.properties.PropertyMappingContextCustomizer@29c42239, org.springframework.boot.test.autoconfigure.web.servlet.WebDriverContextCustomizerFactory$Customizer@3c7c886c, [ImportsContextCustomizer@5cc28282 key = [org.springframework.boot.autoconfigure.cache.CacheAutoConfiguration, org.springframework.boot.autoconfigure.data.jpa.JpaRepositoriesAutoConfiguration, org.springframework.boot.autoconfigure.flyway.FlywayAutoConfiguration, org.springframework.boot.autoconfigure.jdbc.DataSourceAutoConfiguration, org.springframework.boot.autoconfigure.jdbc.DataSourceTransactionManagerAutoConfiguration, org.springframework.boot.autoconfigure.jdbc.JdbcTemplateAutoConfiguration, org.springframework.boot.autoconfigure.liquibase.LiquibaseAutoConfiguration, org.springframework.boot.autoconfigure.orm.jpa.HibernateJpaAutoConfiguration, org.springframework.boot.autoconfigure.sql.init.SqlInitializationAutoConfiguration, org.springframework.boot.autoconfigure.transaction.TransactionAutoConfiguration, org.springframework.boot.test.autoconfigure.jdbc.TestDatabaseAutoConfiguration, org.springframework.boot.test.autoconfigure.orm.jpa.TestEntityManagerAutoConfiguration]], org.springframework.boot.test.context.filter.ExcludeFilterContextCustomizer@2ea6e30c, org.springframework.boot.test.json.DuplicateJsonObjectContextCustomizerFactory$DuplicateJsonObjectContextCustomizer@388526fb, org.springframework.boot.test.mock.mockito.MockitoContextCustomizer@0, org.springframework.boot.test.context.SpringBootTestArgs@1, org.springframework.boot.test.context.SpringBootTestWebEnvironment@0], contextLoader = 'org.springframework.boot.test.context.SpringBootContextLoader', parent = [null]], attributes = map['org.springframework.test.context.event.ApplicationEventsTestExecutionListener.recordApplicationEvents' -> false]]
]]></system-out>
  <system-err><![CDATA[]]></system-err>
</testsuite>
