<?xml version="1.0" encoding="UTF-8"?>
<testsuite name="com.cissbank.basiccissbankapi.IndividualRepositoryTest" tests="5" skipped="0" failures="0" errors="0" timestamp="2021-11-29T00:49:18" hostname="juliano-Vostro-5490" time="0.361">
  <properties/>
  <testcase name="individualRepositoryWillUpdateIndividual()" classname="com.cissbank.basiccissbankapi.IndividualRepositoryTest" time="0.304"/>
  <testcase name="individualRepositoryWillNotDuplicateIndividual()" classname="com.cissbank.basiccissbankapi.IndividualRepositoryTest" time="0.011"/>
  <testcase name="individualRepositoryWillFindIndividualWithCleanNationalRegistration()" classname="com.cissbank.basiccissbankapi.IndividualRepositoryTest" time="0.012"/>
  <testcase name="individualRepositoryWillSaveMistakenLegalPersonInfo()" classname="com.cissbank.basiccissbankapi.IndividualRepositoryTest" time="0.012"/>
  <testcase name="individualRepositoryWillNotFindIndividualWithDirtyNationalRegistration()" classname="com.cissbank.basiccissbankapi.IndividualRepositoryTest" time="0.017"/>
  <system-out><![CDATA[21:49:15.664 [Test worker] DEBUG org.springframework.test.context.BootstrapUtils - Instantiating CacheAwareContextLoaderDelegate from class [org.springframework.test.context.cache.DefaultCacheAwareContextLoaderDelegate]
21:49:15.672 [Test worker] DEBUG org.springframework.test.context.BootstrapUtils - Instantiating BootstrapContext using constructor [public org.springframework.test.context.support.DefaultBootstrapContext(java.lang.Class,org.springframework.test.context.CacheAwareContextLoaderDelegate)]
21:49:15.718 [Test worker] DEBUG org.springframework.test.context.BootstrapUtils - Instantiating TestContextBootstrapper for test class [com.cissbank.basiccissbankapi.IndividualRepositoryTest] from class [org.springframework.boot.test.autoconfigure.orm.jpa.DataJpaTestContextBootstrapper]
21:49:15.730 [Test worker] INFO org.springframework.boot.test.autoconfigure.orm.jpa.DataJpaTestContextBootstrapper - Neither @ContextConfiguration nor @ContextHierarchy found for test class [com.cissbank.basiccissbankapi.IndividualRepositoryTest], using SpringBootContextLoader
21:49:15.735 [Test worker] DEBUG org.springframework.test.context.support.AbstractContextLoader - Did not detect default resource location for test class [com.cissbank.basiccissbankapi.IndividualRepositoryTest]: class path resource [com/cissbank/basiccissbankapi/IndividualRepositoryTest-context.xml] does not exist
21:49:15.736 [Test worker] DEBUG org.springframework.test.context.support.AbstractContextLoader - Did not detect default resource location for test class [com.cissbank.basiccissbankapi.IndividualRepositoryTest]: class path resource [com/cissbank/basiccissbankapi/IndividualRepositoryTestContext.groovy] does not exist
21:49:15.736 [Test worker] INFO org.springframework.test.context.support.AbstractContextLoader - Could not detect default resource locations for test class [com.cissbank.basiccissbankapi.IndividualRepositoryTest]: no resource found for suffixes {-context.xml, Context.groovy}.
21:49:15.737 [Test worker] INFO org.springframework.test.context.support.AnnotationConfigContextLoaderUtils - Could not detect default configuration classes for test class [com.cissbank.basiccissbankapi.IndividualRepositoryTest]: IndividualRepositoryTest does not declare any static, non-private, non-final, nested classes annotated with @Configuration.
21:49:15.794 [Test worker] DEBUG org.springframework.test.context.support.ActiveProfilesUtils - Could not find an 'annotation declaring class' for annotation type [org.springframework.test.context.ActiveProfiles] and class [com.cissbank.basiccissbankapi.IndividualRepositoryTest]
21:49:15.840 [Test worker] DEBUG org.springframework.context.annotation.ClassPathScanningCandidateComponentProvider - Identified candidate component class: file [/home/juliano/TuntsCorpWorkSpace/basiccissbankapi/build/classes/java/main/com/cissbank/basiccissbankapi/BasicCissBankApiApplication.class]
21:49:15.841 [Test worker] INFO org.springframework.boot.test.context.SpringBootTestContextBootstrapper - Found @SpringBootConfiguration com.cissbank.basiccissbankapi.BasicCissBankApiApplication for test class com.cissbank.basiccissbankapi.IndividualRepositoryTest
21:49:15.845 [Test worker] DEBUG org.springframework.boot.test.autoconfigure.orm.jpa.DataJpaTestContextBootstrapper - @TestExecutionListeners is not present for class [com.cissbank.basiccissbankapi.IndividualRepositoryTest]: using defaults.
21:49:15.845 [Test worker] INFO org.springframework.boot.test.autoconfigure.orm.jpa.DataJpaTestContextBootstrapper - Loaded default TestExecutionListener class names from location [META-INF/spring.factories]: [org.springframework.security.test.context.support.WithSecurityContextTestExecutionListener, org.springframework.security.test.context.support.ReactorContextTestExecutionListener, org.springframework.boot.test.autoconfigure.restdocs.RestDocsTestExecutionListener, org.springframework.boot.test.autoconfigure.web.client.MockRestServiceServerResetTestExecutionListener, org.springframework.boot.test.autoconfigure.web.servlet.MockMvcPrintOnlyOnFailureTestExecutionListener, org.springframework.boot.test.autoconfigure.web.servlet.WebDriverTestExecutionListener, org.springframework.boot.test.autoconfigure.webservices.client.MockWebServiceServerTestExecutionListener, org.springframework.boot.test.mock.mockito.MockitoTestExecutionListener, org.springframework.boot.test.mock.mockito.ResetMocksTestExecutionListener, org.springframework.test.context.web.ServletTestExecutionListener, org.springframework.test.context.support.DirtiesContextBeforeModesTestExecutionListener, org.springframework.test.context.event.ApplicationEventsTestExecutionListener, org.springframework.test.context.support.DependencyInjectionTestExecutionListener, org.springframework.test.context.support.DirtiesContextTestExecutionListener, org.springframework.test.context.transaction.TransactionalTestExecutionListener, org.springframework.test.context.jdbc.SqlScriptsTestExecutionListener, org.springframework.test.context.event.EventPublishingTestExecutionListener]
21:49:15.861 [Test worker] INFO org.springframework.boot.test.autoconfigure.orm.jpa.DataJpaTestContextBootstrapper - Using TestExecutionListeners: [org.springframework.test.context.web.ServletTestExecutionListener@4c5474f5, org.springframework.test.context.support.DirtiesContextBeforeModesTestExecutionListener@2f4205be, org.springframework.test.context.event.ApplicationEventsTestExecutionListener@54e22bdd, org.springframework.boot.test.mock.mockito.MockitoTestExecutionListener@3bd418e4, org.springframework.boot.test.autoconfigure.SpringBootDependencyInjectionTestExecutionListener@544820b7, org.springframework.test.context.support.DirtiesContextTestExecutionListener@6b98a075, org.springframework.test.context.transaction.TransactionalTestExecutionListener@2e61d218, org.springframework.test.context.jdbc.SqlScriptsTestExecutionListener@3569fc08, org.springframework.security.test.context.support.WithSecurityContextTestExecutionListener@20b12f8a, org.springframework.test.context.event.EventPublishingTestExecutionListener@e84a8e1, org.springframework.security.test.context.support.ReactorContextTestExecutionListener@2e554a3b, org.springframework.boot.test.autoconfigure.restdocs.RestDocsTestExecutionListener@54a67a45, org.springframework.boot.test.autoconfigure.web.client.MockRestServiceServerResetTestExecutionListener@7d42c224, org.springframework.boot.test.autoconfigure.web.servlet.MockMvcPrintOnlyOnFailureTestExecutionListener@56aaaecd, org.springframework.boot.test.autoconfigure.web.servlet.WebDriverTestExecutionListener@522a32b1, org.springframework.boot.test.autoconfigure.webservices.client.MockWebServiceServerTestExecutionListener@35390ee3, org.springframework.boot.test.mock.mockito.ResetMocksTestExecutionListener@5e01a982]
21:49:15.863 [Test worker] DEBUG org.springframework.test.context.support.AbstractDirtiesContextTestExecutionListener - Before test class: context [DefaultTestContext@68fa0ba8 testClass = IndividualRepositoryTest, testInstance = [null], testMethod = [null], testException = [null], mergedContextConfiguration = [MergedContextConfiguration@6c5945a7 testClass = IndividualRepositoryTest, locations = '{}', classes = '{class com.cissbank.basiccissbankapi.BasicCissBankApiApplication}', contextInitializerClasses = '[]', activeProfiles = '{}', propertySourceLocations = '{}', propertySourceProperties = '{org.springframework.boot.test.autoconfigure.orm.jpa.DataJpaTestContextBootstrapper=true}', contextCustomizers = set[org.springframework.boot.test.autoconfigure.OverrideAutoConfigurationContextCustomizerFactory$DisableAutoConfigurationContextCustomizer@4f5991f6, org.springframework.boot.test.autoconfigure.actuate.metrics.MetricsExportContextCustomizerFactory$DisableMetricExportContextCustomizer@2c07545f, org.springframework.boot.test.autoconfigure.filter.TypeExcludeFiltersContextCustomizer@351584c0, org.springframework.boot.test.autoconfigure.properties.PropertyMappingContextCustomizer@29c42239, org.springframework.boot.test.autoconfigure.web.servlet.WebDriverContextCustomizerFactory$Customizer@3c7c886c, [ImportsContextCustomizer@2f05be7f key = [org.springframework.boot.autoconfigure.cache.CacheAutoConfiguration, org.springframework.boot.autoconfigure.data.jpa.JpaRepositoriesAutoConfiguration, org.springframework.boot.autoconfigure.flyway.FlywayAutoConfiguration, org.springframework.boot.autoconfigure.jdbc.DataSourceAutoConfiguration, org.springframework.boot.autoconfigure.jdbc.DataSourceTransactionManagerAutoConfiguration, org.springframework.boot.autoconfigure.jdbc.JdbcTemplateAutoConfiguration, org.springframework.boot.autoconfigure.liquibase.LiquibaseAutoConfiguration, org.springframework.boot.autoconfigure.orm.jpa.HibernateJpaAutoConfiguration, org.springframework.boot.autoconfigure.sql.init.SqlInitializationAutoConfiguration, org.springframework.boot.autoconfigure.transaction.TransactionAutoConfiguration, org.springframework.boot.test.autoconfigure.jdbc.TestDatabaseAutoConfiguration, org.springframework.boot.test.autoconfigure.orm.jpa.TestEntityManagerAutoConfiguration]], org.springframework.boot.test.context.filter.ExcludeFilterContextCustomizer@2ea6e30c, org.springframework.boot.test.json.DuplicateJsonObjectContextCustomizerFactory$DuplicateJsonObjectContextCustomizer@388526fb, org.springframework.boot.test.mock.mockito.MockitoContextCustomizer@0, org.springframework.boot.test.context.SpringBootTestArgs@1, org.springframework.boot.test.context.SpringBootTestWebEnvironment@0], contextLoader = 'org.springframework.boot.test.context.SpringBootContextLoader', parent = [null]], attributes = map[[empty]]], class annotated with @DirtiesContext [false] with mode [null].
21:49:15.872 [Test worker] DEBUG org.springframework.test.context.support.DependencyInjectionTestExecutionListener - Performing dependency injection for test context [[DefaultTestContext@68fa0ba8 testClass = IndividualRepositoryTest, testInstance = com.cissbank.basiccissbankapi.IndividualRepositoryTest@47c4ecdc, testMethod = [null], testException = [null], mergedContextConfiguration = [MergedContextConfiguration@6c5945a7 testClass = IndividualRepositoryTest, locations = '{}', classes = '{class com.cissbank.basiccissbankapi.BasicCissBankApiApplication}', contextInitializerClasses = '[]', activeProfiles = '{}', propertySourceLocations = '{}', propertySourceProperties = '{org.springframework.boot.test.autoconfigure.orm.jpa.DataJpaTestContextBootstrapper=true}', contextCustomizers = set[org.springframework.boot.test.autoconfigure.OverrideAutoConfigurationContextCustomizerFactory$DisableAutoConfigurationContextCustomizer@4f5991f6, org.springframework.boot.test.autoconfigure.actuate.metrics.MetricsExportContextCustomizerFactory$DisableMetricExportContextCustomizer@2c07545f, org.springframework.boot.test.autoconfigure.filter.TypeExcludeFiltersContextCustomizer@351584c0, org.springframework.boot.test.autoconfigure.properties.PropertyMappingContextCustomizer@29c42239, org.springframework.boot.test.autoconfigure.web.servlet.WebDriverContextCustomizerFactory$Customizer@3c7c886c, [ImportsContextCustomizer@2f05be7f key = [org.springframework.boot.autoconfigure.cache.CacheAutoConfiguration, org.springframework.boot.autoconfigure.data.jpa.JpaRepositoriesAutoConfiguration, org.springframework.boot.autoconfigure.flyway.FlywayAutoConfiguration, org.springframework.boot.autoconfigure.jdbc.DataSourceAutoConfiguration, org.springframework.boot.autoconfigure.jdbc.DataSourceTransactionManagerAutoConfiguration, org.springframework.boot.autoconfigure.jdbc.JdbcTemplateAutoConfiguration, org.springframework.boot.autoconfigure.liquibase.LiquibaseAutoConfiguration, org.springframework.boot.autoconfigure.orm.jpa.HibernateJpaAutoConfiguration, org.springframework.boot.autoconfigure.sql.init.SqlInitializationAutoConfiguration, org.springframework.boot.autoconfigure.transaction.TransactionAutoConfiguration, org.springframework.boot.test.autoconfigure.jdbc.TestDatabaseAutoConfiguration, org.springframework.boot.test.autoconfigure.orm.jpa.TestEntityManagerAutoConfiguration]], org.springframework.boot.test.context.filter.ExcludeFilterContextCustomizer@2ea6e30c, org.springframework.boot.test.json.DuplicateJsonObjectContextCustomizerFactory$DuplicateJsonObjectContextCustomizer@388526fb, org.springframework.boot.test.mock.mockito.MockitoContextCustomizer@0, org.springframework.boot.test.context.SpringBootTestArgs@1, org.springframework.boot.test.context.SpringBootTestWebEnvironment@0], contextLoader = 'org.springframework.boot.test.context.SpringBootContextLoader', parent = [null]], attributes = map['org.springframework.test.context.event.ApplicationEventsTestExecutionListener.recordApplicationEvents' -> false]]].
21:49:15.890 [Test worker] DEBUG org.springframework.boot.ApplicationEnvironment - Activating profiles []
21:49:15.904 [Test worker] DEBUG org.springframework.test.context.support.TestPropertySourceUtils - Adding inlined properties to environment: {spring.jmx.enabled=false, org.springframework.boot.test.autoconfigure.orm.jpa.DataJpaTestContextBootstrapper=true}

  .   ____          _            __ _ _
 /\\ / ___'_ __ _ _(_)_ __  __ _ \ \ \ \
( ( )\___ | '_ | '_| | '_ \/ _` | \ \ \ \
 \\/  ___)| |_)| | | | | || (_| |  ) ) ) )
  '  |____| .__|_| |_|_| |_\__, | / / / /
 =========|_|==============|___/=/_/_/_/
 :: Spring Boot ::                (v2.6.0)

2021-11-28 21:49:16.113  INFO 101814 --- [    Test worker] c.c.b.IndividualRepositoryTest           : Starting IndividualRepositoryTest using Java 16.0.1 on juliano-Vostro-5490 with PID 101814 (started by juliano in /home/juliano/TuntsCorpWorkSpace/basiccissbankapi)
2021-11-28 21:49:16.114  INFO 101814 --- [    Test worker] c.c.b.IndividualRepositoryTest           : No active profile set, falling back to default profiles: default
2021-11-28 21:49:16.427  INFO 101814 --- [    Test worker] .s.d.r.c.RepositoryConfigurationDelegate : Bootstrapping Spring Data JPA repositories in DEFAULT mode.
2021-11-28 21:49:16.471  INFO 101814 --- [    Test worker] .s.d.r.c.RepositoryConfigurationDelegate : Finished Spring Data repository scanning in 38 ms. Found 4 JPA repository interfaces.
2021-11-28 21:49:16.516  INFO 101814 --- [    Test worker] beddedDataSourceBeanFactoryPostProcessor : Replacing 'dataSource' DataSource bean with embedded version
2021-11-28 21:49:16.672  INFO 101814 --- [    Test worker] o.s.j.d.e.EmbeddedDatabaseFactory        : Starting embedded database: url='jdbc:h2:mem:4467620e-2765-4c67-807d-ae63bac8aef6;DB_CLOSE_DELAY=-1;DB_CLOSE_ON_EXIT=false', username='sa'
2021-11-28 21:49:16.939  INFO 101814 --- [    Test worker] o.hibernate.jpa.internal.util.LogHelper  : HHH000204: Processing PersistenceUnitInfo [name: default]
2021-11-28 21:49:16.971  INFO 101814 --- [    Test worker] org.hibernate.Version                    : HHH000412: Hibernate ORM core version 5.6.1.Final
2021-11-28 21:49:17.081  INFO 101814 --- [    Test worker] o.hibernate.annotations.common.Version   : HCANN000001: Hibernate Commons Annotations {5.1.2.Final}
2021-11-28 21:49:17.174  INFO 101814 --- [    Test worker] org.hibernate.dialect.Dialect            : HHH000400: Using dialect: org.hibernate.dialect.H2Dialect
Hibernate: drop table if exists account CASCADE 
Hibernate: drop table if exists account_ledger CASCADE 
Hibernate: drop table if exists individual CASCADE 
Hibernate: drop table if exists ledger_transaction CASCADE 
Hibernate: drop sequence if exists hibernate_sequence
Hibernate: create sequence hibernate_sequence start with 1 increment by 1
Hibernate: create table account (id integer not null, demonstration_account boolean not null, initial_deposit_date timestamp, number INTEGER NOT NULL AUTO_INCREMENT, owner_national_registration varchar(255), should_have_initial_deposit boolean not null, status integer, primary key (id))
Hibernate: create table account_ledger (id integer not null, balance decimal(19,2), last_transaction_id bigint not null, owner_account_number integer, status integer, primary key (id))
Hibernate: create table individual (id integer not null, beneficiary_type integer, billing_address_id integer not null, county_of_birth varchar(255), date_of_birth timestamp, delivery_address_id integer not null, gender integer, identification_doc_number varchar(255), is_married boolean not null, mother_name varchar(255), name varchar(255), national_registration varchar(255), profession varchar(255), spouse_name varchar(255), status integer, primary key (id))
Hibernate: create table ledger_transaction (dtype varchar(31) not null, id bigint not null, amount decimal(19,2), created_at timestamp not null, from_account_number integer not null, to_account_number integer not null, transfer_type integer, primary key (id))
Hibernate: alter table account add constraint UK_dbfiubqahb32ns85k023gr6nn unique (number)
Hibernate: alter table account_ledger add constraint UK_bpsp773ualwfdgl5wti41mltt unique (owner_account_number)
Hibernate: alter table individual add constraint UK_19iaxcm6hkagx4hfununpw2u1 unique (national_registration)
2021-11-28 21:49:17.778  INFO 101814 --- [    Test worker] o.h.e.t.j.p.i.JtaPlatformInitiator       : HHH000490: Using JtaPlatform implementation: [org.hibernate.engine.transaction.jta.platform.internal.NoJtaPlatform]
2021-11-28 21:49:17.785  INFO 101814 --- [    Test worker] j.LocalContainerEntityManagerFactoryBean : Initialized JPA EntityManagerFactory for persistence unit 'default'
2021-11-28 21:49:18.228  INFO 101814 --- [    Test worker] c.c.b.IndividualRepositoryTest           : Started IndividualRepositoryTest in 2.322 seconds (JVM running for 3.154)
2021-11-28 21:49:18.253  INFO 101814 --- [    Test worker] o.s.t.c.transaction.TransactionContext   : Began transaction (1) for test context [DefaultTestContext@68fa0ba8 testClass = IndividualRepositoryTest, testInstance = com.cissbank.basiccissbankapi.IndividualRepositoryTest@47c4ecdc, testMethod = individualRepositoryWillUpdateIndividual@IndividualRepositoryTest, testException = [null], mergedContextConfiguration = [MergedContextConfiguration@6c5945a7 testClass = IndividualRepositoryTest, locations = '{}', classes = '{class com.cissbank.basiccissbankapi.BasicCissBankApiApplication}', contextInitializerClasses = '[]', activeProfiles = '{}', propertySourceLocations = '{}', propertySourceProperties = '{org.springframework.boot.test.autoconfigure.orm.jpa.DataJpaTestContextBootstrapper=true}', contextCustomizers = set[org.springframework.boot.test.autoconfigure.OverrideAutoConfigurationContextCustomizerFactory$DisableAutoConfigurationContextCustomizer@4f5991f6, org.springframework.boot.test.autoconfigure.actuate.metrics.MetricsExportContextCustomizerFactory$DisableMetricExportContextCustomizer@2c07545f, org.springframework.boot.test.autoconfigure.filter.TypeExcludeFiltersContextCustomizer@351584c0, org.springframework.boot.test.autoconfigure.properties.PropertyMappingContextCustomizer@29c42239, org.springframework.boot.test.autoconfigure.web.servlet.WebDriverContextCustomizerFactory$Customizer@3c7c886c, [ImportsContextCustomizer@2f05be7f key = [org.springframework.boot.autoconfigure.cache.CacheAutoConfiguration, org.springframework.boot.autoconfigure.data.jpa.JpaRepositoriesAutoConfiguration, org.springframework.boot.autoconfigure.flyway.FlywayAutoConfiguration, org.springframework.boot.autoconfigure.jdbc.DataSourceAutoConfiguration, org.springframework.boot.autoconfigure.jdbc.DataSourceTransactionManagerAutoConfiguration, org.springframework.boot.autoconfigure.jdbc.JdbcTemplateAutoConfiguration, org.springframework.boot.autoconfigure.liquibase.LiquibaseAutoConfiguration, org.springframework.boot.autoconfigure.orm.jpa.HibernateJpaAutoConfiguration, org.springframework.boot.autoconfigure.sql.init.SqlInitializationAutoConfiguration, org.springframework.boot.autoconfigure.transaction.TransactionAutoConfiguration, org.springframework.boot.test.autoconfigure.jdbc.TestDatabaseAutoConfiguration, org.springframework.boot.test.autoconfigure.orm.jpa.TestEntityManagerAutoConfiguration]], org.springframework.boot.test.context.filter.ExcludeFilterContextCustomizer@2ea6e30c, org.springframework.boot.test.json.DuplicateJsonObjectContextCustomizerFactory$DuplicateJsonObjectContextCustomizer@388526fb, org.springframework.boot.test.mock.mockito.MockitoContextCustomizer@0, org.springframework.boot.test.context.SpringBootTestArgs@1, org.springframework.boot.test.context.SpringBootTestWebEnvironment@0], contextLoader = 'org.springframework.boot.test.context.SpringBootContextLoader', parent = [null]], attributes = map['org.springframework.test.context.event.ApplicationEventsTestExecutionListener.recordApplicationEvents' -> false]]; transaction manager [org.springframework.orm.jpa.JpaTransactionManager@174e1b99]; rollback [true]
Hibernate: select individual0_.id as id1_2_, individual0_.beneficiary_type as benefici2_2_, individual0_.billing_address_id as billing_3_2_, individual0_.county_of_birth as county_o4_2_, individual0_.date_of_birth as date_of_5_2_, individual0_.delivery_address_id as delivery6_2_, individual0_.gender as gender7_2_, individual0_.identification_doc_number as identifi8_2_, individual0_.is_married as is_marri9_2_, individual0_.mother_name as mother_10_2_, individual0_.name as name11_2_, individual0_.national_registration as nationa12_2_, individual0_.profession as profess13_2_, individual0_.spouse_name as spouse_14_2_, individual0_.status as status15_2_ from individual individual0_ where individual0_.national_registration=?
Hibernate: call next value for hibernate_sequence
Hibernate: insert into individual (beneficiary_type, billing_address_id, county_of_birth, date_of_birth, delivery_address_id, gender, identification_doc_number, is_married, mother_name, name, national_registration, profession, spouse_name, status, id) values (?, ?, ?, ?, ?, ?, ?, ?, ?, ?, ?, ?, ?, ?, ?)
Hibernate: select individual0_.id as id1_2_, individual0_.beneficiary_type as benefici2_2_, individual0_.billing_address_id as billing_3_2_, individual0_.county_of_birth as county_o4_2_, individual0_.date_of_birth as date_of_5_2_, individual0_.delivery_address_id as delivery6_2_, individual0_.gender as gender7_2_, individual0_.identification_doc_number as identifi8_2_, individual0_.is_married as is_marri9_2_, individual0_.mother_name as mother_10_2_, individual0_.name as name11_2_, individual0_.national_registration as nationa12_2_, individual0_.profession as profess13_2_, individual0_.spouse_name as spouse_14_2_, individual0_.status as status15_2_ from individual individual0_ where individual0_.national_registration=?
Hibernate: update individual set beneficiary_type=?, billing_address_id=?, county_of_birth=?, date_of_birth=?, delivery_address_id=?, gender=?, identification_doc_number=?, is_married=?, mother_name=?, name=?, national_registration=?, profession=?, spouse_name=?, status=? where id=?
Hibernate: select individual0_.id as id1_2_, individual0_.beneficiary_type as benefici2_2_, individual0_.billing_address_id as billing_3_2_, individual0_.county_of_birth as county_o4_2_, individual0_.date_of_birth as date_of_5_2_, individual0_.delivery_address_id as delivery6_2_, individual0_.gender as gender7_2_, individual0_.identification_doc_number as identifi8_2_, individual0_.is_married as is_marri9_2_, individual0_.mother_name as mother_10_2_, individual0_.name as name11_2_, individual0_.national_registration as nationa12_2_, individual0_.profession as profess13_2_, individual0_.spouse_name as spouse_14_2_, individual0_.status as status15_2_ from individual individual0_ where individual0_.national_registration=?
Hibernate: select individual0_.id as id1_2_, individual0_.beneficiary_type as benefici2_2_, individual0_.billing_address_id as billing_3_2_, individual0_.county_of_birth as county_o4_2_, individual0_.date_of_birth as date_of_5_2_, individual0_.delivery_address_id as delivery6_2_, individual0_.gender as gender7_2_, individual0_.identification_doc_number as identifi8_2_, individual0_.is_married as is_marri9_2_, individual0_.mother_name as mother_10_2_, individual0_.name as name11_2_, individual0_.national_registration as nationa12_2_, individual0_.profession as profess13_2_, individual0_.spouse_name as spouse_14_2_, individual0_.status as status15_2_ from individual individual0_ where individual0_.national_registration=?
2021-11-28 21:49:18.541  INFO 101814 --- [    Test worker] o.s.t.c.transaction.TransactionContext   : Rolled back transaction for test: [DefaultTestContext@68fa0ba8 testClass = IndividualRepositoryTest, testInstance = com.cissbank.basiccissbankapi.IndividualRepositoryTest@47c4ecdc, testMethod = individualRepositoryWillUpdateIndividual@IndividualRepositoryTest, testException = [null], mergedContextConfiguration = [MergedContextConfiguration@6c5945a7 testClass = IndividualRepositoryTest, locations = '{}', classes = '{class com.cissbank.basiccissbankapi.BasicCissBankApiApplication}', contextInitializerClasses = '[]', activeProfiles = '{}', propertySourceLocations = '{}', propertySourceProperties = '{org.springframework.boot.test.autoconfigure.orm.jpa.DataJpaTestContextBootstrapper=true}', contextCustomizers = set[org.springframework.boot.test.autoconfigure.OverrideAutoConfigurationContextCustomizerFactory$DisableAutoConfigurationContextCustomizer@4f5991f6, org.springframework.boot.test.autoconfigure.actuate.metrics.MetricsExportContextCustomizerFactory$DisableMetricExportContextCustomizer@2c07545f, org.springframework.boot.test.autoconfigure.filter.TypeExcludeFiltersContextCustomizer@351584c0, org.springframework.boot.test.autoconfigure.properties.PropertyMappingContextCustomizer@29c42239, org.springframework.boot.test.autoconfigure.web.servlet.WebDriverContextCustomizerFactory$Customizer@3c7c886c, [ImportsContextCustomizer@2f05be7f key = [org.springframework.boot.autoconfigure.cache.CacheAutoConfiguration, org.springframework.boot.autoconfigure.data.jpa.JpaRepositoriesAutoConfiguration, org.springframework.boot.autoconfigure.flyway.FlywayAutoConfiguration, org.springframework.boot.autoconfigure.jdbc.DataSourceAutoConfiguration, org.springframework.boot.autoconfigure.jdbc.DataSourceTransactionManagerAutoConfiguration, org.springframework.boot.autoconfigure.jdbc.JdbcTemplateAutoConfiguration, org.springframework.boot.autoconfigure.liquibase.LiquibaseAutoConfiguration, org.springframework.boot.autoconfigure.orm.jpa.HibernateJpaAutoConfiguration, org.springframework.boot.autoconfigure.sql.init.SqlInitializationAutoConfiguration, org.springframework.boot.autoconfigure.transaction.TransactionAutoConfiguration, org.springframework.boot.test.autoconfigure.jdbc.TestDatabaseAutoConfiguration, org.springframework.boot.test.autoconfigure.orm.jpa.TestEntityManagerAutoConfiguration]], org.springframework.boot.test.context.filter.ExcludeFilterContextCustomizer@2ea6e30c, org.springframework.boot.test.json.DuplicateJsonObjectContextCustomizerFactory$DuplicateJsonObjectContextCustomizer@388526fb, org.springframework.boot.test.mock.mockito.MockitoContextCustomizer@0, org.springframework.boot.test.context.SpringBootTestArgs@1, org.springframework.boot.test.context.SpringBootTestWebEnvironment@0], contextLoader = 'org.springframework.boot.test.context.SpringBootContextLoader', parent = [null]], attributes = map['org.springframework.test.context.event.ApplicationEventsTestExecutionListener.recordApplicationEvents' -> false]]
2021-11-28 21:49:18.548  INFO 101814 --- [    Test worker] o.s.t.c.transaction.TransactionContext   : Began transaction (1) for test context [DefaultTestContext@68fa0ba8 testClass = IndividualRepositoryTest, testInstance = com.cissbank.basiccissbankapi.IndividualRepositoryTest@703e5614, testMethod = individualRepositoryWillNotDuplicateIndividual@IndividualRepositoryTest, testException = [null], mergedContextConfiguration = [MergedContextConfiguration@6c5945a7 testClass = IndividualRepositoryTest, locations = '{}', classes = '{class com.cissbank.basiccissbankapi.BasicCissBankApiApplication}', contextInitializerClasses = '[]', activeProfiles = '{}', propertySourceLocations = '{}', propertySourceProperties = '{org.springframework.boot.test.autoconfigure.orm.jpa.DataJpaTestContextBootstrapper=true}', contextCustomizers = set[org.springframework.boot.test.autoconfigure.OverrideAutoConfigurationContextCustomizerFactory$DisableAutoConfigurationContextCustomizer@4f5991f6, org.springframework.boot.test.autoconfigure.actuate.metrics.MetricsExportContextCustomizerFactory$DisableMetricExportContextCustomizer@2c07545f, org.springframework.boot.test.autoconfigure.filter.TypeExcludeFiltersContextCustomizer@351584c0, org.springframework.boot.test.autoconfigure.properties.PropertyMappingContextCustomizer@29c42239, org.springframework.boot.test.autoconfigure.web.servlet.WebDriverContextCustomizerFactory$Customizer@3c7c886c, [ImportsContextCustomizer@2f05be7f key = [org.springframework.boot.autoconfigure.cache.CacheAutoConfiguration, org.springframework.boot.autoconfigure.data.jpa.JpaRepositoriesAutoConfiguration, org.springframework.boot.autoconfigure.flyway.FlywayAutoConfiguration, org.springframework.boot.autoconfigure.jdbc.DataSourceAutoConfiguration, org.springframework.boot.autoconfigure.jdbc.DataSourceTransactionManagerAutoConfiguration, org.springframework.boot.autoconfigure.jdbc.JdbcTemplateAutoConfiguration, org.springframework.boot.autoconfigure.liquibase.LiquibaseAutoConfiguration, org.springframework.boot.autoconfigure.orm.jpa.HibernateJpaAutoConfiguration, org.springframework.boot.autoconfigure.sql.init.SqlInitializationAutoConfiguration, org.springframework.boot.autoconfigure.transaction.TransactionAutoConfiguration, org.springframework.boot.test.autoconfigure.jdbc.TestDatabaseAutoConfiguration, org.springframework.boot.test.autoconfigure.orm.jpa.TestEntityManagerAutoConfiguration]], org.springframework.boot.test.context.filter.ExcludeFilterContextCustomizer@2ea6e30c, org.springframework.boot.test.json.DuplicateJsonObjectContextCustomizerFactory$DuplicateJsonObjectContextCustomizer@388526fb, org.springframework.boot.test.mock.mockito.MockitoContextCustomizer@0, org.springframework.boot.test.context.SpringBootTestArgs@1, org.springframework.boot.test.context.SpringBootTestWebEnvironment@0], contextLoader = 'org.springframework.boot.test.context.SpringBootContextLoader', parent = [null]], attributes = map['org.springframework.test.context.event.ApplicationEventsTestExecutionListener.recordApplicationEvents' -> false]]; transaction manager [org.springframework.orm.jpa.JpaTransactionManager@174e1b99]; rollback [true]
Hibernate: select individual0_.id as id1_2_, individual0_.beneficiary_type as benefici2_2_, individual0_.billing_address_id as billing_3_2_, individual0_.county_of_birth as county_o4_2_, individual0_.date_of_birth as date_of_5_2_, individual0_.delivery_address_id as delivery6_2_, individual0_.gender as gender7_2_, individual0_.identification_doc_number as identifi8_2_, individual0_.is_married as is_marri9_2_, individual0_.mother_name as mother_10_2_, individual0_.name as name11_2_, individual0_.national_registration as nationa12_2_, individual0_.profession as profess13_2_, individual0_.spouse_name as spouse_14_2_, individual0_.status as status15_2_ from individual individual0_ where individual0_.national_registration=?
Hibernate: call next value for hibernate_sequence
Hibernate: insert into individual (beneficiary_type, billing_address_id, county_of_birth, date_of_birth, delivery_address_id, gender, identification_doc_number, is_married, mother_name, name, national_registration, profession, spouse_name, status, id) values (?, ?, ?, ?, ?, ?, ?, ?, ?, ?, ?, ?, ?, ?, ?)
Hibernate: select individual0_.id as id1_2_, individual0_.beneficiary_type as benefici2_2_, individual0_.billing_address_id as billing_3_2_, individual0_.county_of_birth as county_o4_2_, individual0_.date_of_birth as date_of_5_2_, individual0_.delivery_address_id as delivery6_2_, individual0_.gender as gender7_2_, individual0_.identification_doc_number as identifi8_2_, individual0_.is_married as is_marri9_2_, individual0_.mother_name as mother_10_2_, individual0_.name as name11_2_, individual0_.national_registration as nationa12_2_, individual0_.profession as profess13_2_, individual0_.spouse_name as spouse_14_2_, individual0_.status as status15_2_ from individual individual0_ where individual0_.national_registration=?
Hibernate: select individual0_.id as id1_2_, individual0_.beneficiary_type as benefici2_2_, individual0_.billing_address_id as billing_3_2_, individual0_.county_of_birth as county_o4_2_, individual0_.date_of_birth as date_of_5_2_, individual0_.delivery_address_id as delivery6_2_, individual0_.gender as gender7_2_, individual0_.identification_doc_number as identifi8_2_, individual0_.is_married as is_marri9_2_, individual0_.mother_name as mother_10_2_, individual0_.name as name11_2_, individual0_.national_registration as nationa12_2_, individual0_.profession as profess13_2_, individual0_.spouse_name as spouse_14_2_, individual0_.status as status15_2_ from individual individual0_ where individual0_.national_registration=?
2021-11-28 21:49:18.557  INFO 101814 --- [    Test worker] o.s.t.c.transaction.TransactionContext   : Rolled back transaction for test: [DefaultTestContext@68fa0ba8 testClass = IndividualRepositoryTest, testInstance = com.cissbank.basiccissbankapi.IndividualRepositoryTest@703e5614, testMethod = individualRepositoryWillNotDuplicateIndividual@IndividualRepositoryTest, testException = [null], mergedContextConfiguration = [MergedContextConfiguration@6c5945a7 testClass = IndividualRepositoryTest, locations = '{}', classes = '{class com.cissbank.basiccissbankapi.BasicCissBankApiApplication}', contextInitializerClasses = '[]', activeProfiles = '{}', propertySourceLocations = '{}', propertySourceProperties = '{org.springframework.boot.test.autoconfigure.orm.jpa.DataJpaTestContextBootstrapper=true}', contextCustomizers = set[org.springframework.boot.test.autoconfigure.OverrideAutoConfigurationContextCustomizerFactory$DisableAutoConfigurationContextCustomizer@4f5991f6, org.springframework.boot.test.autoconfigure.actuate.metrics.MetricsExportContextCustomizerFactory$DisableMetricExportContextCustomizer@2c07545f, org.springframework.boot.test.autoconfigure.filter.TypeExcludeFiltersContextCustomizer@351584c0, org.springframework.boot.test.autoconfigure.properties.PropertyMappingContextCustomizer@29c42239, org.springframework.boot.test.autoconfigure.web.servlet.WebDriverContextCustomizerFactory$Customizer@3c7c886c, [ImportsContextCustomizer@2f05be7f key = [org.springframework.boot.autoconfigure.cache.CacheAutoConfiguration, org.springframework.boot.autoconfigure.data.jpa.JpaRepositoriesAutoConfiguration, org.springframework.boot.autoconfigure.flyway.FlywayAutoConfiguration, org.springframework.boot.autoconfigure.jdbc.DataSourceAutoConfiguration, org.springframework.boot.autoconfigure.jdbc.DataSourceTransactionManagerAutoConfiguration, org.springframework.boot.autoconfigure.jdbc.JdbcTemplateAutoConfiguration, org.springframework.boot.autoconfigure.liquibase.LiquibaseAutoConfiguration, org.springframework.boot.autoconfigure.orm.jpa.HibernateJpaAutoConfiguration, org.springframework.boot.autoconfigure.sql.init.SqlInitializationAutoConfiguration, org.springframework.boot.autoconfigure.transaction.TransactionAutoConfiguration, org.springframework.boot.test.autoconfigure.jdbc.TestDatabaseAutoConfiguration, org.springframework.boot.test.autoconfigure.orm.jpa.TestEntityManagerAutoConfiguration]], org.springframework.boot.test.context.filter.ExcludeFilterContextCustomizer@2ea6e30c, org.springframework.boot.test.json.DuplicateJsonObjectContextCustomizerFactory$DuplicateJsonObjectContextCustomizer@388526fb, org.springframework.boot.test.mock.mockito.MockitoContextCustomizer@0, org.springframework.boot.test.context.SpringBootTestArgs@1, org.springframework.boot.test.context.SpringBootTestWebEnvironment@0], contextLoader = 'org.springframework.boot.test.context.SpringBootContextLoader', parent = [null]], attributes = map['org.springframework.test.context.event.ApplicationEventsTestExecutionListener.recordApplicationEvents' -> false]]
2021-11-28 21:49:18.560  INFO 101814 --- [    Test worker] o.s.t.c.transaction.TransactionContext   : Began transaction (1) for test context [DefaultTestContext@68fa0ba8 testClass = IndividualRepositoryTest, testInstance = com.cissbank.basiccissbankapi.IndividualRepositoryTest@14e93c46, testMethod = individualRepositoryWillFindIndividualWithCleanNationalRegistration@IndividualRepositoryTest, testException = [null], mergedContextConfiguration = [MergedContextConfiguration@6c5945a7 testClass = IndividualRepositoryTest, locations = '{}', classes = '{class com.cissbank.basiccissbankapi.BasicCissBankApiApplication}', contextInitializerClasses = '[]', activeProfiles = '{}', propertySourceLocations = '{}', propertySourceProperties = '{org.springframework.boot.test.autoconfigure.orm.jpa.DataJpaTestContextBootstrapper=true}', contextCustomizers = set[org.springframework.boot.test.autoconfigure.OverrideAutoConfigurationContextCustomizerFactory$DisableAutoConfigurationContextCustomizer@4f5991f6, org.springframework.boot.test.autoconfigure.actuate.metrics.MetricsExportContextCustomizerFactory$DisableMetricExportContextCustomizer@2c07545f, org.springframework.boot.test.autoconfigure.filter.TypeExcludeFiltersContextCustomizer@351584c0, org.springframework.boot.test.autoconfigure.properties.PropertyMappingContextCustomizer@29c42239, org.springframework.boot.test.autoconfigure.web.servlet.WebDriverContextCustomizerFactory$Customizer@3c7c886c, [ImportsContextCustomizer@2f05be7f key = [org.springframework.boot.autoconfigure.cache.CacheAutoConfiguration, org.springframework.boot.autoconfigure.data.jpa.JpaRepositoriesAutoConfiguration, org.springframework.boot.autoconfigure.flyway.FlywayAutoConfiguration, org.springframework.boot.autoconfigure.jdbc.DataSourceAutoConfiguration, org.springframework.boot.autoconfigure.jdbc.DataSourceTransactionManagerAutoConfiguration, org.springframework.boot.autoconfigure.jdbc.JdbcTemplateAutoConfiguration, org.springframework.boot.autoconfigure.liquibase.LiquibaseAutoConfiguration, org.springframework.boot.autoconfigure.orm.jpa.HibernateJpaAutoConfiguration, org.springframework.boot.autoconfigure.sql.init.SqlInitializationAutoConfiguration, org.springframework.boot.autoconfigure.transaction.TransactionAutoConfiguration, org.springframework.boot.test.autoconfigure.jdbc.TestDatabaseAutoConfiguration, org.springframework.boot.test.autoconfigure.orm.jpa.TestEntityManagerAutoConfiguration]], org.springframework.boot.test.context.filter.ExcludeFilterContextCustomizer@2ea6e30c, org.springframework.boot.test.json.DuplicateJsonObjectContextCustomizerFactory$DuplicateJsonObjectContextCustomizer@388526fb, org.springframework.boot.test.mock.mockito.MockitoContextCustomizer@0, org.springframework.boot.test.context.SpringBootTestArgs@1, org.springframework.boot.test.context.SpringBootTestWebEnvironment@0], contextLoader = 'org.springframework.boot.test.context.SpringBootContextLoader', parent = [null]], attributes = map['org.springframework.test.context.event.ApplicationEventsTestExecutionListener.recordApplicationEvents' -> false]]; transaction manager [org.springframework.orm.jpa.JpaTransactionManager@174e1b99]; rollback [true]
Hibernate: select individual0_.id as id1_2_, individual0_.beneficiary_type as benefici2_2_, individual0_.billing_address_id as billing_3_2_, individual0_.county_of_birth as county_o4_2_, individual0_.date_of_birth as date_of_5_2_, individual0_.delivery_address_id as delivery6_2_, individual0_.gender as gender7_2_, individual0_.identification_doc_number as identifi8_2_, individual0_.is_married as is_marri9_2_, individual0_.mother_name as mother_10_2_, individual0_.name as name11_2_, individual0_.national_registration as nationa12_2_, individual0_.profession as profess13_2_, individual0_.spouse_name as spouse_14_2_, individual0_.status as status15_2_ from individual individual0_ where individual0_.national_registration=?
Hibernate: call next value for hibernate_sequence
Hibernate: insert into individual (beneficiary_type, billing_address_id, county_of_birth, date_of_birth, delivery_address_id, gender, identification_doc_number, is_married, mother_name, name, national_registration, profession, spouse_name, status, id) values (?, ?, ?, ?, ?, ?, ?, ?, ?, ?, ?, ?, ?, ?, ?)
Hibernate: select individual0_.id as id1_2_, individual0_.beneficiary_type as benefici2_2_, individual0_.billing_address_id as billing_3_2_, individual0_.county_of_birth as county_o4_2_, individual0_.date_of_birth as date_of_5_2_, individual0_.delivery_address_id as delivery6_2_, individual0_.gender as gender7_2_, individual0_.identification_doc_number as identifi8_2_, individual0_.is_married as is_marri9_2_, individual0_.mother_name as mother_10_2_, individual0_.name as name11_2_, individual0_.national_registration as nationa12_2_, individual0_.profession as profess13_2_, individual0_.spouse_name as spouse_14_2_, individual0_.status as status15_2_ from individual individual0_ where individual0_.national_registration=?
2021-11-28 21:49:18.569  INFO 101814 --- [    Test worker] o.s.t.c.transaction.TransactionContext   : Rolled back transaction for test: [DefaultTestContext@68fa0ba8 testClass = IndividualRepositoryTest, testInstance = com.cissbank.basiccissbankapi.IndividualRepositoryTest@14e93c46, testMethod = individualRepositoryWillFindIndividualWithCleanNationalRegistration@IndividualRepositoryTest, testException = [null], mergedContextConfiguration = [MergedContextConfiguration@6c5945a7 testClass = IndividualRepositoryTest, locations = '{}', classes = '{class com.cissbank.basiccissbankapi.BasicCissBankApiApplication}', contextInitializerClasses = '[]', activeProfiles = '{}', propertySourceLocations = '{}', propertySourceProperties = '{org.springframework.boot.test.autoconfigure.orm.jpa.DataJpaTestContextBootstrapper=true}', contextCustomizers = set[org.springframework.boot.test.autoconfigure.OverrideAutoConfigurationContextCustomizerFactory$DisableAutoConfigurationContextCustomizer@4f5991f6, org.springframework.boot.test.autoconfigure.actuate.metrics.MetricsExportContextCustomizerFactory$DisableMetricExportContextCustomizer@2c07545f, org.springframework.boot.test.autoconfigure.filter.TypeExcludeFiltersContextCustomizer@351584c0, org.springframework.boot.test.autoconfigure.properties.PropertyMappingContextCustomizer@29c42239, org.springframework.boot.test.autoconfigure.web.servlet.WebDriverContextCustomizerFactory$Customizer@3c7c886c, [ImportsContextCustomizer@2f05be7f key = [org.springframework.boot.autoconfigure.cache.CacheAutoConfiguration, org.springframework.boot.autoconfigure.data.jpa.JpaRepositoriesAutoConfiguration, org.springframework.boot.autoconfigure.flyway.FlywayAutoConfiguration, org.springframework.boot.autoconfigure.jdbc.DataSourceAutoConfiguration, org.springframework.boot.autoconfigure.jdbc.DataSourceTransactionManagerAutoConfiguration, org.springframework.boot.autoconfigure.jdbc.JdbcTemplateAutoConfiguration, org.springframework.boot.autoconfigure.liquibase.LiquibaseAutoConfiguration, org.springframework.boot.autoconfigure.orm.jpa.HibernateJpaAutoConfiguration, org.springframework.boot.autoconfigure.sql.init.SqlInitializationAutoConfiguration, org.springframework.boot.autoconfigure.transaction.TransactionAutoConfiguration, org.springframework.boot.test.autoconfigure.jdbc.TestDatabaseAutoConfiguration, org.springframework.boot.test.autoconfigure.orm.jpa.TestEntityManagerAutoConfiguration]], org.springframework.boot.test.context.filter.ExcludeFilterContextCustomizer@2ea6e30c, org.springframework.boot.test.json.DuplicateJsonObjectContextCustomizerFactory$DuplicateJsonObjectContextCustomizer@388526fb, org.springframework.boot.test.mock.mockito.MockitoContextCustomizer@0, org.springframework.boot.test.context.SpringBootTestArgs@1, org.springframework.boot.test.context.SpringBootTestWebEnvironment@0], contextLoader = 'org.springframework.boot.test.context.SpringBootContextLoader', parent = [null]], attributes = map['org.springframework.test.context.event.ApplicationEventsTestExecutionListener.recordApplicationEvents' -> false]]
2021-11-28 21:49:18.574  INFO 101814 --- [    Test worker] o.s.t.c.transaction.TransactionContext   : Began transaction (1) for test context [DefaultTestContext@68fa0ba8 testClass = IndividualRepositoryTest, testInstance = com.cissbank.basiccissbankapi.IndividualRepositoryTest@232b3b4c, testMethod = individualRepositoryWillSaveMistakenLegalPersonInfo@IndividualRepositoryTest, testException = [null], mergedContextConfiguration = [MergedContextConfiguration@6c5945a7 testClass = IndividualRepositoryTest, locations = '{}', classes = '{class com.cissbank.basiccissbankapi.BasicCissBankApiApplication}', contextInitializerClasses = '[]', activeProfiles = '{}', propertySourceLocations = '{}', propertySourceProperties = '{org.springframework.boot.test.autoconfigure.orm.jpa.DataJpaTestContextBootstrapper=true}', contextCustomizers = set[org.springframework.boot.test.autoconfigure.OverrideAutoConfigurationContextCustomizerFactory$DisableAutoConfigurationContextCustomizer@4f5991f6, org.springframework.boot.test.autoconfigure.actuate.metrics.MetricsExportContextCustomizerFactory$DisableMetricExportContextCustomizer@2c07545f, org.springframework.boot.test.autoconfigure.filter.TypeExcludeFiltersContextCustomizer@351584c0, org.springframework.boot.test.autoconfigure.properties.PropertyMappingContextCustomizer@29c42239, org.springframework.boot.test.autoconfigure.web.servlet.WebDriverContextCustomizerFactory$Customizer@3c7c886c, [ImportsContextCustomizer@2f05be7f key = [org.springframework.boot.autoconfigure.cache.CacheAutoConfiguration, org.springframework.boot.autoconfigure.data.jpa.JpaRepositoriesAutoConfiguration, org.springframework.boot.autoconfigure.flyway.FlywayAutoConfiguration, org.springframework.boot.autoconfigure.jdbc.DataSourceAutoConfiguration, org.springframework.boot.autoconfigure.jdbc.DataSourceTransactionManagerAutoConfiguration, org.springframework.boot.autoconfigure.jdbc.JdbcTemplateAutoConfiguration, org.springframework.boot.autoconfigure.liquibase.LiquibaseAutoConfiguration, org.springframework.boot.autoconfigure.orm.jpa.HibernateJpaAutoConfiguration, org.springframework.boot.autoconfigure.sql.init.SqlInitializationAutoConfiguration, org.springframework.boot.autoconfigure.transaction.TransactionAutoConfiguration, org.springframework.boot.test.autoconfigure.jdbc.TestDatabaseAutoConfiguration, org.springframework.boot.test.autoconfigure.orm.jpa.TestEntityManagerAutoConfiguration]], org.springframework.boot.test.context.filter.ExcludeFilterContextCustomizer@2ea6e30c, org.springframework.boot.test.json.DuplicateJsonObjectContextCustomizerFactory$DuplicateJsonObjectContextCustomizer@388526fb, org.springframework.boot.test.mock.mockito.MockitoContextCustomizer@0, org.springframework.boot.test.context.SpringBootTestArgs@1, org.springframework.boot.test.context.SpringBootTestWebEnvironment@0], contextLoader = 'org.springframework.boot.test.context.SpringBootContextLoader', parent = [null]], attributes = map['org.springframework.test.context.event.ApplicationEventsTestExecutionListener.recordApplicationEvents' -> false]]; transaction manager [org.springframework.orm.jpa.JpaTransactionManager@174e1b99]; rollback [true]
Hibernate: select individual0_.id as id1_2_, individual0_.beneficiary_type as benefici2_2_, individual0_.billing_address_id as billing_3_2_, individual0_.county_of_birth as county_o4_2_, individual0_.date_of_birth as date_of_5_2_, individual0_.delivery_address_id as delivery6_2_, individual0_.gender as gender7_2_, individual0_.identification_doc_number as identifi8_2_, individual0_.is_married as is_marri9_2_, individual0_.mother_name as mother_10_2_, individual0_.name as name11_2_, individual0_.national_registration as nationa12_2_, individual0_.profession as profess13_2_, individual0_.spouse_name as spouse_14_2_, individual0_.status as status15_2_ from individual individual0_ where individual0_.national_registration=?
Hibernate: call next value for hibernate_sequence
Hibernate: insert into individual (beneficiary_type, billing_address_id, county_of_birth, date_of_birth, delivery_address_id, gender, identification_doc_number, is_married, mother_name, name, national_registration, profession, spouse_name, status, id) values (?, ?, ?, ?, ?, ?, ?, ?, ?, ?, ?, ?, ?, ?, ?)
Hibernate: select individual0_.id as id1_2_, individual0_.beneficiary_type as benefici2_2_, individual0_.billing_address_id as billing_3_2_, individual0_.county_of_birth as county_o4_2_, individual0_.date_of_birth as date_of_5_2_, individual0_.delivery_address_id as delivery6_2_, individual0_.gender as gender7_2_, individual0_.identification_doc_number as identifi8_2_, individual0_.is_married as is_marri9_2_, individual0_.mother_name as mother_10_2_, individual0_.name as name11_2_, individual0_.national_registration as nationa12_2_, individual0_.profession as profess13_2_, individual0_.spouse_name as spouse_14_2_, individual0_.status as status15_2_ from individual individual0_ where individual0_.national_registration=?
2021-11-28 21:49:18.583  INFO 101814 --- [    Test worker] o.s.t.c.transaction.TransactionContext   : Rolled back transaction for test: [DefaultTestContext@68fa0ba8 testClass = IndividualRepositoryTest, testInstance = com.cissbank.basiccissbankapi.IndividualRepositoryTest@232b3b4c, testMethod = individualRepositoryWillSaveMistakenLegalPersonInfo@IndividualRepositoryTest, testException = [null], mergedContextConfiguration = [MergedContextConfiguration@6c5945a7 testClass = IndividualRepositoryTest, locations = '{}', classes = '{class com.cissbank.basiccissbankapi.BasicCissBankApiApplication}', contextInitializerClasses = '[]', activeProfiles = '{}', propertySourceLocations = '{}', propertySourceProperties = '{org.springframework.boot.test.autoconfigure.orm.jpa.DataJpaTestContextBootstrapper=true}', contextCustomizers = set[org.springframework.boot.test.autoconfigure.OverrideAutoConfigurationContextCustomizerFactory$DisableAutoConfigurationContextCustomizer@4f5991f6, org.springframework.boot.test.autoconfigure.actuate.metrics.MetricsExportContextCustomizerFactory$DisableMetricExportContextCustomizer@2c07545f, org.springframework.boot.test.autoconfigure.filter.TypeExcludeFiltersContextCustomizer@351584c0, org.springframework.boot.test.autoconfigure.properties.PropertyMappingContextCustomizer@29c42239, org.springframework.boot.test.autoconfigure.web.servlet.WebDriverContextCustomizerFactory$Customizer@3c7c886c, [ImportsContextCustomizer@2f05be7f key = [org.springframework.boot.autoconfigure.cache.CacheAutoConfiguration, org.springframework.boot.autoconfigure.data.jpa.JpaRepositoriesAutoConfiguration, org.springframework.boot.autoconfigure.flyway.FlywayAutoConfiguration, org.springframework.boot.autoconfigure.jdbc.DataSourceAutoConfiguration, org.springframework.boot.autoconfigure.jdbc.DataSourceTransactionManagerAutoConfiguration, org.springframework.boot.autoconfigure.jdbc.JdbcTemplateAutoConfiguration, org.springframework.boot.autoconfigure.liquibase.LiquibaseAutoConfiguration, org.springframework.boot.autoconfigure.orm.jpa.HibernateJpaAutoConfiguration, org.springframework.boot.autoconfigure.sql.init.SqlInitializationAutoConfiguration, org.springframework.boot.autoconfigure.transaction.TransactionAutoConfiguration, org.springframework.boot.test.autoconfigure.jdbc.TestDatabaseAutoConfiguration, org.springframework.boot.test.autoconfigure.orm.jpa.TestEntityManagerAutoConfiguration]], org.springframework.boot.test.context.filter.ExcludeFilterContextCustomizer@2ea6e30c, org.springframework.boot.test.json.DuplicateJsonObjectContextCustomizerFactory$DuplicateJsonObjectContextCustomizer@388526fb, org.springframework.boot.test.mock.mockito.MockitoContextCustomizer@0, org.springframework.boot.test.context.SpringBootTestArgs@1, org.springframework.boot.test.context.SpringBootTestWebEnvironment@0], contextLoader = 'org.springframework.boot.test.context.SpringBootContextLoader', parent = [null]], attributes = map['org.springframework.test.context.event.ApplicationEventsTestExecutionListener.recordApplicationEvents' -> false]]
2021-11-28 21:49:18.586  INFO 101814 --- [    Test worker] o.s.t.c.transaction.TransactionContext   : Began transaction (1) for test context [DefaultTestContext@68fa0ba8 testClass = IndividualRepositoryTest, testInstance = com.cissbank.basiccissbankapi.IndividualRepositoryTest@54ed249f, testMethod = individualRepositoryWillNotFindIndividualWithDirtyNationalRegistration@IndividualRepositoryTest, testException = [null], mergedContextConfiguration = [MergedContextConfiguration@6c5945a7 testClass = IndividualRepositoryTest, locations = '{}', classes = '{class com.cissbank.basiccissbankapi.BasicCissBankApiApplication}', contextInitializerClasses = '[]', activeProfiles = '{}', propertySourceLocations = '{}', propertySourceProperties = '{org.springframework.boot.test.autoconfigure.orm.jpa.DataJpaTestContextBootstrapper=true}', contextCustomizers = set[org.springframework.boot.test.autoconfigure.OverrideAutoConfigurationContextCustomizerFactory$DisableAutoConfigurationContextCustomizer@4f5991f6, org.springframework.boot.test.autoconfigure.actuate.metrics.MetricsExportContextCustomizerFactory$DisableMetricExportContextCustomizer@2c07545f, org.springframework.boot.test.autoconfigure.filter.TypeExcludeFiltersContextCustomizer@351584c0, org.springframework.boot.test.autoconfigure.properties.PropertyMappingContextCustomizer@29c42239, org.springframework.boot.test.autoconfigure.web.servlet.WebDriverContextCustomizerFactory$Customizer@3c7c886c, [ImportsContextCustomizer@2f05be7f key = [org.springframework.boot.autoconfigure.cache.CacheAutoConfiguration, org.springframework.boot.autoconfigure.data.jpa.JpaRepositoriesAutoConfiguration, org.springframework.boot.autoconfigure.flyway.FlywayAutoConfiguration, org.springframework.boot.autoconfigure.jdbc.DataSourceAutoConfiguration, org.springframework.boot.autoconfigure.jdbc.DataSourceTransactionManagerAutoConfiguration, org.springframework.boot.autoconfigure.jdbc.JdbcTemplateAutoConfiguration, org.springframework.boot.autoconfigure.liquibase.LiquibaseAutoConfiguration, org.springframework.boot.autoconfigure.orm.jpa.HibernateJpaAutoConfiguration, org.springframework.boot.autoconfigure.sql.init.SqlInitializationAutoConfiguration, org.springframework.boot.autoconfigure.transaction.TransactionAutoConfiguration, org.springframework.boot.test.autoconfigure.jdbc.TestDatabaseAutoConfiguration, org.springframework.boot.test.autoconfigure.orm.jpa.TestEntityManagerAutoConfiguration]], org.springframework.boot.test.context.filter.ExcludeFilterContextCustomizer@2ea6e30c, org.springframework.boot.test.json.DuplicateJsonObjectContextCustomizerFactory$DuplicateJsonObjectContextCustomizer@388526fb, org.springframework.boot.test.mock.mockito.MockitoContextCustomizer@0, org.springframework.boot.test.context.SpringBootTestArgs@1, org.springframework.boot.test.context.SpringBootTestWebEnvironment@0], contextLoader = 'org.springframework.boot.test.context.SpringBootContextLoader', parent = [null]], attributes = map['org.springframework.test.context.event.ApplicationEventsTestExecutionListener.recordApplicationEvents' -> false]]; transaction manager [org.springframework.orm.jpa.JpaTransactionManager@174e1b99]; rollback [true]
Hibernate: select individual0_.id as id1_2_, individual0_.beneficiary_type as benefici2_2_, individual0_.billing_address_id as billing_3_2_, individual0_.county_of_birth as county_o4_2_, individual0_.date_of_birth as date_of_5_2_, individual0_.delivery_address_id as delivery6_2_, individual0_.gender as gender7_2_, individual0_.identification_doc_number as identifi8_2_, individual0_.is_married as is_marri9_2_, individual0_.mother_name as mother_10_2_, individual0_.name as name11_2_, individual0_.national_registration as nationa12_2_, individual0_.profession as profess13_2_, individual0_.spouse_name as spouse_14_2_, individual0_.status as status15_2_ from individual individual0_ where individual0_.national_registration=?
Hibernate: call next value for hibernate_sequence
Hibernate: insert into individual (beneficiary_type, billing_address_id, county_of_birth, date_of_birth, delivery_address_id, gender, identification_doc_number, is_married, mother_name, name, national_registration, profession, spouse_name, status, id) values (?, ?, ?, ?, ?, ?, ?, ?, ?, ?, ?, ?, ?, ?, ?)
Hibernate: select individual0_.id as id1_2_, individual0_.beneficiary_type as benefici2_2_, individual0_.billing_address_id as billing_3_2_, individual0_.county_of_birth as county_o4_2_, individual0_.date_of_birth as date_of_5_2_, individual0_.delivery_address_id as delivery6_2_, individual0_.gender as gender7_2_, individual0_.identification_doc_number as identifi8_2_, individual0_.is_married as is_marri9_2_, individual0_.mother_name as mother_10_2_, individual0_.name as name11_2_, individual0_.national_registration as nationa12_2_, individual0_.profession as profess13_2_, individual0_.spouse_name as spouse_14_2_, individual0_.status as status15_2_ from individual individual0_ where individual0_.national_registration=?
Hibernate: select individual0_.id as id1_2_, individual0_.beneficiary_type as benefici2_2_, individual0_.billing_address_id as billing_3_2_, individual0_.county_of_birth as county_o4_2_, individual0_.date_of_birth as date_of_5_2_, individual0_.delivery_address_id as delivery6_2_, individual0_.gender as gender7_2_, individual0_.identification_doc_number as identifi8_2_, individual0_.is_married as is_marri9_2_, individual0_.mother_name as mother_10_2_, individual0_.name as name11_2_, individual0_.national_registration as nationa12_2_, individual0_.profession as profess13_2_, individual0_.spouse_name as spouse_14_2_, individual0_.status as status15_2_ from individual individual0_ where individual0_.national_registration=?
2021-11-28 21:49:18.601  INFO 101814 --- [    Test worker] o.s.t.c.transaction.TransactionContext   : Rolled back transaction for test: [DefaultTestContext@68fa0ba8 testClass = IndividualRepositoryTest, testInstance = com.cissbank.basiccissbankapi.IndividualRepositoryTest@54ed249f, testMethod = individualRepositoryWillNotFindIndividualWithDirtyNationalRegistration@IndividualRepositoryTest, testException = [null], mergedContextConfiguration = [MergedContextConfiguration@6c5945a7 testClass = IndividualRepositoryTest, locations = '{}', classes = '{class com.cissbank.basiccissbankapi.BasicCissBankApiApplication}', contextInitializerClasses = '[]', activeProfiles = '{}', propertySourceLocations = '{}', propertySourceProperties = '{org.springframework.boot.test.autoconfigure.orm.jpa.DataJpaTestContextBootstrapper=true}', contextCustomizers = set[org.springframework.boot.test.autoconfigure.OverrideAutoConfigurationContextCustomizerFactory$DisableAutoConfigurationContextCustomizer@4f5991f6, org.springframework.boot.test.autoconfigure.actuate.metrics.MetricsExportContextCustomizerFactory$DisableMetricExportContextCustomizer@2c07545f, org.springframework.boot.test.autoconfigure.filter.TypeExcludeFiltersContextCustomizer@351584c0, org.springframework.boot.test.autoconfigure.properties.PropertyMappingContextCustomizer@29c42239, org.springframework.boot.test.autoconfigure.web.servlet.WebDriverContextCustomizerFactory$Customizer@3c7c886c, [ImportsContextCustomizer@2f05be7f key = [org.springframework.boot.autoconfigure.cache.CacheAutoConfiguration, org.springframework.boot.autoconfigure.data.jpa.JpaRepositoriesAutoConfiguration, org.springframework.boot.autoconfigure.flyway.FlywayAutoConfiguration, org.springframework.boot.autoconfigure.jdbc.DataSourceAutoConfiguration, org.springframework.boot.autoconfigure.jdbc.DataSourceTransactionManagerAutoConfiguration, org.springframework.boot.autoconfigure.jdbc.JdbcTemplateAutoConfiguration, org.springframework.boot.autoconfigure.liquibase.LiquibaseAutoConfiguration, org.springframework.boot.autoconfigure.orm.jpa.HibernateJpaAutoConfiguration, org.springframework.boot.autoconfigure.sql.init.SqlInitializationAutoConfiguration, org.springframework.boot.autoconfigure.transaction.TransactionAutoConfiguration, org.springframework.boot.test.autoconfigure.jdbc.TestDatabaseAutoConfiguration, org.springframework.boot.test.autoconfigure.orm.jpa.TestEntityManagerAutoConfiguration]], org.springframework.boot.test.context.filter.ExcludeFilterContextCustomizer@2ea6e30c, org.springframework.boot.test.json.DuplicateJsonObjectContextCustomizerFactory$DuplicateJsonObjectContextCustomizer@388526fb, org.springframework.boot.test.mock.mockito.MockitoContextCustomizer@0, org.springframework.boot.test.context.SpringBootTestArgs@1, org.springframework.boot.test.context.SpringBootTestWebEnvironment@0], contextLoader = 'org.springframework.boot.test.context.SpringBootContextLoader', parent = [null]], attributes = map['org.springframework.test.context.event.ApplicationEventsTestExecutionListener.recordApplicationEvents' -> false]]
]]></system-out>
  <system-err><![CDATA[]]></system-err>
</testsuite>
