<?xml version="1.0" encoding="UTF-8"?>
<testsuite name="com.cissbank.basiccissbankapi.BasicCissBankApiApplicationTests" tests="2" skipped="0" failures="0" errors="0" timestamp="2021-11-29T12:47:17" hostname="juliano-Vostro-5490" time="0.163">
  <properties/>
  <testcase name="accountCreationServiceTest()" classname="com.cissbank.basiccissbankapi.BasicCissBankApiApplicationTests" time="0.005"/>
  <testcase name="applicationFullHappyPathTest()" classname="com.cissbank.basiccissbankapi.BasicCissBankApiApplicationTests" time="0.158"/>
  <system-out><![CDATA[2021-11-29 09:47:15.872  INFO 116880 --- [    Test worker] .b.t.c.SpringBootTestContextBootstrapper : Neither @ContextConfiguration nor @ContextHierarchy found for test class [com.cissbank.basiccissbankapi.BasicCissBankApiApplicationTests], using SpringBootContextLoader
2021-11-29 09:47:15.872  INFO 116880 --- [    Test worker] o.s.t.c.support.AbstractContextLoader    : Could not detect default resource locations for test class [com.cissbank.basiccissbankapi.BasicCissBankApiApplicationTests]: no resource found for suffixes {-context.xml, Context.groovy}.
2021-11-29 09:47:15.873  INFO 116880 --- [    Test worker] t.c.s.AnnotationConfigContextLoaderUtils : Could not detect default configuration classes for test class [com.cissbank.basiccissbankapi.BasicCissBankApiApplicationTests]: BasicCissBankApiApplicationTests does not declare any static, non-private, non-final, nested classes annotated with @Configuration.
2021-11-29 09:47:15.875  INFO 116880 --- [    Test worker] .b.t.c.SpringBootTestContextBootstrapper : Found @SpringBootConfiguration com.cissbank.basiccissbankapi.BasicCissBankApiApplication for test class com.cissbank.basiccissbankapi.BasicCissBankApiApplicationTests
2021-11-29 09:47:15.879  INFO 116880 --- [    Test worker] .b.t.c.SpringBootTestContextBootstrapper : Loaded default TestExecutionListener class names from location [META-INF/spring.factories]: [org.springframework.security.test.context.support.WithSecurityContextTestExecutionListener, org.springframework.security.test.context.support.ReactorContextTestExecutionListener, org.springframework.boot.test.autoconfigure.restdocs.RestDocsTestExecutionListener, org.springframework.boot.test.autoconfigure.web.client.MockRestServiceServerResetTestExecutionListener, org.springframework.boot.test.autoconfigure.web.servlet.MockMvcPrintOnlyOnFailureTestExecutionListener, org.springframework.boot.test.autoconfigure.web.servlet.WebDriverTestExecutionListener, org.springframework.boot.test.autoconfigure.webservices.client.MockWebServiceServerTestExecutionListener, org.springframework.boot.test.mock.mockito.MockitoTestExecutionListener, org.springframework.boot.test.mock.mockito.ResetMocksTestExecutionListener, org.springframework.test.context.web.ServletTestExecutionListener, org.springframework.test.context.support.DirtiesContextBeforeModesTestExecutionListener, org.springframework.test.context.event.ApplicationEventsTestExecutionListener, org.springframework.test.context.support.DependencyInjectionTestExecutionListener, org.springframework.test.context.support.DirtiesContextTestExecutionListener, org.springframework.test.context.transaction.TransactionalTestExecutionListener, org.springframework.test.context.jdbc.SqlScriptsTestExecutionListener, org.springframework.test.context.event.EventPublishingTestExecutionListener]
2021-11-29 09:47:15.880  INFO 116880 --- [    Test worker] .b.t.c.SpringBootTestContextBootstrapper : Using TestExecutionListeners: [org.springframework.test.context.web.ServletTestExecutionListener@3922b297, org.springframework.test.context.support.DirtiesContextBeforeModesTestExecutionListener@2d02a066, org.springframework.test.context.event.ApplicationEventsTestExecutionListener@72c1bf75, org.springframework.boot.test.mock.mockito.MockitoTestExecutionListener@43a8bd35, org.springframework.boot.test.autoconfigure.SpringBootDependencyInjectionTestExecutionListener@6fb219dd, org.springframework.test.context.support.DirtiesContextTestExecutionListener@570b85dd, org.springframework.test.context.transaction.TransactionalTestExecutionListener@28ceb25e, org.springframework.test.context.jdbc.SqlScriptsTestExecutionListener@2e09e367, org.springframework.security.test.context.support.WithSecurityContextTestExecutionListener@518a7b8a, org.springframework.test.context.event.EventPublishingTestExecutionListener@5a24390b, org.springframework.security.test.context.support.ReactorContextTestExecutionListener@7253c53, org.springframework.boot.test.autoconfigure.restdocs.RestDocsTestExecutionListener@66d6e50b, org.springframework.boot.test.autoconfigure.web.client.MockRestServiceServerResetTestExecutionListener@64829470, org.springframework.boot.test.autoconfigure.web.servlet.MockMvcPrintOnlyOnFailureTestExecutionListener@1f95158a, org.springframework.boot.test.autoconfigure.web.servlet.WebDriverTestExecutionListener@31fc658f, org.springframework.boot.test.autoconfigure.webservices.client.MockWebServiceServerTestExecutionListener@60d32006, org.springframework.boot.test.mock.mockito.ResetMocksTestExecutionListener@10820978]

  .   ____          _            __ _ _
 /\\ / ___'_ __ _ _(_)_ __  __ _ \ \ \ \
( ( )\___ | '_ | '_| | '_ \/ _` | \ \ \ \
 \\/  ___)| |_)| | | | | || (_| |  ) ) ) )
  '  |____| .__|_| |_|_| |_\__, | / / / /
 =========|_|==============|___/=/_/_/_/
 :: Spring Boot ::                (v2.6.0)

2021-11-29 09:47:15.921  INFO 116880 --- [    Test worker] c.c.b.BasicCissBankApiApplicationTests   : Starting BasicCissBankApiApplicationTests using Java 16.0.1 on juliano-Vostro-5490 with PID 116880 (started by juliano in /home/juliano/TuntsCorpWorkSpace/basiccissbankapi)
2021-11-29 09:47:15.921  INFO 116880 --- [    Test worker] c.c.b.BasicCissBankApiApplicationTests   : No active profile set, falling back to default profiles: default
2021-11-29 09:47:16.168  INFO 116880 --- [    Test worker] .s.d.r.c.RepositoryConfigurationDelegate : Bootstrapping Spring Data JPA repositories in DEFAULT mode.
2021-11-29 09:47:16.178  INFO 116880 --- [    Test worker] .s.d.r.c.RepositoryConfigurationDelegate : Finished Spring Data repository scanning in 8 ms. Found 4 JPA repository interfaces.
2021-11-29 09:47:16.379  INFO 116880 --- [    Test worker] com.zaxxer.hikari.HikariDataSource       : HikariPool-1 - Starting...
2021-11-29 09:47:16.390  INFO 116880 --- [    Test worker] com.zaxxer.hikari.HikariDataSource       : HikariPool-1 - Start completed.
2021-11-29 09:47:16.409  INFO 116880 --- [    Test worker] o.hibernate.jpa.internal.util.LogHelper  : HHH000204: Processing PersistenceUnitInfo [name: default]
2021-11-29 09:47:16.413  INFO 116880 --- [    Test worker] org.hibernate.dialect.Dialect            : HHH000400: Using dialect: org.hibernate.dialect.H2Dialect
2021-11-29 09:47:16.526  INFO 116880 --- [    Test worker] o.h.e.t.j.p.i.JtaPlatformInitiator       : HHH000490: Using JtaPlatform implementation: [org.hibernate.engine.transaction.jta.platform.internal.NoJtaPlatform]
2021-11-29 09:47:16.526  INFO 116880 --- [    Test worker] j.LocalContainerEntityManagerFactoryBean : Initialized JPA EntityManagerFactory for persistence unit 'default'
2021-11-29 09:47:16.573  WARN 116880 --- [    Test worker] JpaBaseConfiguration$JpaWebConfiguration : spring.jpa.open-in-view is enabled by default. Therefore, database queries may be performed during view rendering. Explicitly configure spring.jpa.open-in-view to disable this warning
2021-11-29 09:47:16.840  INFO 116880 --- [    Test worker] o.s.s.web.DefaultSecurityFilterChain     : Will secure any request with [org.springframework.security.web.context.request.async.WebAsyncManagerIntegrationFilter@12e13abd, org.springframework.security.web.context.SecurityContextPersistenceFilter@701da311, org.springframework.security.web.header.HeaderWriterFilter@83bbab, org.springframework.security.web.authentication.logout.LogoutFilter@41041c31, org.springframework.security.web.authentication.www.BasicAuthenticationFilter@213bd66a, org.springframework.security.web.savedrequest.RequestCacheAwareFilter@6fb51e17, org.springframework.security.web.servletapi.SecurityContextHolderAwareRequestFilter@7962a364, org.springframework.security.web.authentication.AnonymousAuthenticationFilter@5694f6a0, org.springframework.security.web.session.SessionManagementFilter@684eb4a0, org.springframework.security.web.access.ExceptionTranslationFilter@df5f657, org.springframework.security.web.access.intercept.FilterSecurityInterceptor@7af2ee23]
2021-11-29 09:47:17.375  INFO 116880 --- [    Test worker] c.c.b.BasicCissBankApiApplicationTests   : Started BasicCissBankApiApplicationTests in 1.48 seconds (JVM running for 4.821)
2021-11-29 09:47:17.387  INFO 116880 --- [    Test worker] HealthCheckService                       : System healthCheck requested. [count: 1]
2021-11-29 09:47:17.388  INFO 116880 --- [    Test worker] HealthCheckService                       : System healthCheck requested. [count: 2]
2021-11-29 09:47:17.421  INFO 116880 --- [    Test worker] AccountCreationService                   : New user created and saved. [individualId: 1]
2021-11-29 09:47:17.433  INFO 116880 --- [    Test worker] AccountCreationService                   : New account created and bound to user. [accountId: 2] [ownerNationalRegistration: 12345678910]
2021-11-29 09:47:17.439  INFO 116880 --- [    Test worker] AccountCreationService                   : New ledger created to account. [accountId: 2] [ledgerId: 3]
2021-11-29 09:47:17.444  INFO 116880 --- [    Test worker] AccountCreationService                   : Account seeking for approval found. [accountNumber: 1001000]
2021-11-29 09:47:17.465  INFO 116880 --- [    Test worker] AccountCreationService                   : Account approved/active. [accountNumber: 1001000]
2021-11-29 09:47:17.472  INFO 116880 --- [    Test worker] AccountCreationService                   : New account created and bound to user. [accountId: 4] [ownerNationalRegistration: 12345678910]
2021-11-29 09:47:17.474  INFO 116880 --- [    Test worker] AccountCreationService                   : New ledger created to account. [accountId: 4] [ledgerId: 5]
2021-11-29 09:47:17.476  INFO 116880 --- [    Test worker] AccountCreationService                   : Account seeking for approval found. [accountNumber: 1001001]
2021-11-29 09:47:17.486  INFO 116880 --- [    Test worker] AccountCreationService                   : Account approved/active. [accountNumber: 1001001]
2021-11-29 09:47:17.486  INFO 116880 --- [    Test worker] AccountCreationService                   : Account requested. [accountNumber: 1001000]
2021-11-29 09:47:17.488  INFO 116880 --- [    Test worker] AccountCreationService                   : Individual's all accounts requested. [nationalRegistration: 123.456.789-10]
2021-11-29 09:47:17.491  INFO 116880 --- [    Test worker] AccountCreationService                   : Account requested. [accountNumber: 1001001]
2021-11-29 09:47:17.492  INFO 116880 --- [    Test worker] AccountUtilitiesService                  : Account balance requested. [accountNumber: 1001000]
2021-11-29 09:47:17.506  INFO 116880 --- [    Test worker] TransactionManagerComponent              : AccountLedgers eligibilities validated for transaction. [fromAccountNumber: 1001000] [toAccountNumber: 1001001]
2021-11-29 09:47:17.515  INFO 116880 --- [    Test worker] TransactionManagerComponent              : Transaction wrote in database. [fromAccountNumber: 1001000] [toAccountNumber: 1001001] [transactionId: 6]
2021-11-29 09:47:17.520  INFO 116880 --- [    Test worker] TransactionManagerComponent              : Transaction successfully updated at accounts' balances. [fromAccountNumber: 1001000] [toAccountNumber: 1001001] [transactionId: 6]
2021-11-29 09:47:17.526  INFO 116880 --- [    Test worker] AccountUtilitiesService                  : Account statement requested. [accountNumber: 1001000]
2021-11-29 09:47:17.536  INFO 116880 --- [    Test worker] AccountCreationService                   : Account seeking for deletion found. [accountNumber: 1001000]
2021-11-29 09:47:17.544  INFO 116880 --- [    Test worker] AccountCreationService                   : AccountLedger (related to Account) deleted. [accountNumber: 1001000] [ledgerId: 3]
2021-11-29 09:47:17.544  INFO 116880 --- [    Test worker] AccountCreationService                   : Account requested. [accountNumber: 1001000]
2021-11-29 09:47:17.546  INFO 116880 --- [    Test worker] AccountCreationService                   : Account seeking for deletion not found. [accountNumber: 1001000]
2021-11-29 09:47:17.546  INFO 116880 --- [    Test worker] AccountCreationService                   : Account requested. [accountNumber: 1001000]
]]></system-out>
  <system-err><![CDATA[]]></system-err>
</testsuite>
