<?xml version="1.0" encoding="UTF-8"?>
<testsuite name="com.cissbank.basiccissbankapi.AccountRepositoryTest" tests="3" skipped="0" failures="0" errors="0" timestamp="2021-11-29T00:49:20" hostname="juliano-Vostro-5490" time="0.038">
  <properties/>
  <testcase name="accountRepositoryWillSaveAccount()" classname="com.cissbank.basiccissbankapi.AccountRepositoryTest" time="0.015"/>
  <testcase name="accountRepositoryWillGenerateAccountNumbersCorrectlyAndManyAccountsForSameIndividual()" classname="com.cissbank.basiccissbankapi.AccountRepositoryTest" time="0.011"/>
  <testcase name="accountRepositoryWillNotFindTopPosition()" classname="com.cissbank.basiccissbankapi.AccountRepositoryTest" time="0.01"/>
  <system-out><![CDATA[2021-11-28 21:49:20.347  INFO 101814 --- [    Test worker] b.t.a.o.j.DataJpaTestContextBootstrapper : Neither @ContextConfiguration nor @ContextHierarchy found for test class [com.cissbank.basiccissbankapi.AccountRepositoryTest], using SpringBootContextLoader
2021-11-28 21:49:20.347  INFO 101814 --- [    Test worker] o.s.t.c.support.AbstractContextLoader    : Could not detect default resource locations for test class [com.cissbank.basiccissbankapi.AccountRepositoryTest]: no resource found for suffixes {-context.xml, Context.groovy}.
2021-11-28 21:49:20.347  INFO 101814 --- [    Test worker] t.c.s.AnnotationConfigContextLoaderUtils : Could not detect default configuration classes for test class [com.cissbank.basiccissbankapi.AccountRepositoryTest]: AccountRepositoryTest does not declare any static, non-private, non-final, nested classes annotated with @Configuration.
2021-11-28 21:49:20.349  INFO 101814 --- [    Test worker] .b.t.c.SpringBootTestContextBootstrapper : Found @SpringBootConfiguration com.cissbank.basiccissbankapi.BasicCissBankApiApplication for test class com.cissbank.basiccissbankapi.AccountRepositoryTest
2021-11-28 21:49:20.350  INFO 101814 --- [    Test worker] b.t.a.o.j.DataJpaTestContextBootstrapper : Loaded default TestExecutionListener class names from location [META-INF/spring.factories]: [org.springframework.security.test.context.support.WithSecurityContextTestExecutionListener, org.springframework.security.test.context.support.ReactorContextTestExecutionListener, org.springframework.boot.test.autoconfigure.restdocs.RestDocsTestExecutionListener, org.springframework.boot.test.autoconfigure.web.client.MockRestServiceServerResetTestExecutionListener, org.springframework.boot.test.autoconfigure.web.servlet.MockMvcPrintOnlyOnFailureTestExecutionListener, org.springframework.boot.test.autoconfigure.web.servlet.WebDriverTestExecutionListener, org.springframework.boot.test.autoconfigure.webservices.client.MockWebServiceServerTestExecutionListener, org.springframework.boot.test.mock.mockito.MockitoTestExecutionListener, org.springframework.boot.test.mock.mockito.ResetMocksTestExecutionListener, org.springframework.test.context.web.ServletTestExecutionListener, org.springframework.test.context.support.DirtiesContextBeforeModesTestExecutionListener, org.springframework.test.context.event.ApplicationEventsTestExecutionListener, org.springframework.test.context.support.DependencyInjectionTestExecutionListener, org.springframework.test.context.support.DirtiesContextTestExecutionListener, org.springframework.test.context.transaction.TransactionalTestExecutionListener, org.springframework.test.context.jdbc.SqlScriptsTestExecutionListener, org.springframework.test.context.event.EventPublishingTestExecutionListener]
2021-11-28 21:49:20.350  INFO 101814 --- [    Test worker] b.t.a.o.j.DataJpaTestContextBootstrapper : Using TestExecutionListeners: [org.springframework.test.context.web.ServletTestExecutionListener@72fc6b5e, org.springframework.test.context.support.DirtiesContextBeforeModesTestExecutionListener@4353230, org.springframework.test.context.event.ApplicationEventsTestExecutionListener@9214725, org.springframework.boot.test.mock.mockito.MockitoTestExecutionListener@289d9f0d, org.springframework.boot.test.autoconfigure.SpringBootDependencyInjectionTestExecutionListener@39aaa7db, org.springframework.test.context.support.DirtiesContextTestExecutionListener@14a3a66c, org.springframework.test.context.transaction.TransactionalTestExecutionListener@1738d3b2, org.springframework.test.context.jdbc.SqlScriptsTestExecutionListener@539953af, org.springframework.security.test.context.support.WithSecurityContextTestExecutionListener@3fe1b278, org.springframework.test.context.event.EventPublishingTestExecutionListener@3678f32e, org.springframework.security.test.context.support.ReactorContextTestExecutionListener@678c0310, org.springframework.boot.test.autoconfigure.restdocs.RestDocsTestExecutionListener@7e113065, org.springframework.boot.test.autoconfigure.web.client.MockRestServiceServerResetTestExecutionListener@4cd13fad, org.springframework.boot.test.autoconfigure.web.servlet.MockMvcPrintOnlyOnFailureTestExecutionListener@3d41449a, org.springframework.boot.test.autoconfigure.web.servlet.WebDriverTestExecutionListener@3a5244a1, org.springframework.boot.test.autoconfigure.webservices.client.MockWebServiceServerTestExecutionListener@4d37c996, org.springframework.boot.test.mock.mockito.ResetMocksTestExecutionListener@85eabca]
2021-11-28 21:49:20.354  INFO 101814 --- [    Test worker] o.s.t.c.transaction.TransactionContext   : Began transaction (1) for test context [DefaultTestContext@645b67d6 testClass = AccountRepositoryTest, testInstance = com.cissbank.basiccissbankapi.AccountRepositoryTest@1926806c, testMethod = accountRepositoryWillSaveAccount@AccountRepositoryTest, testException = [null], mergedContextConfiguration = [MergedContextConfiguration@44a972b4 testClass = AccountRepositoryTest, locations = '{}', classes = '{class com.cissbank.basiccissbankapi.BasicCissBankApiApplication}', contextInitializerClasses = '[]', activeProfiles = '{}', propertySourceLocations = '{}', propertySourceProperties = '{org.springframework.boot.test.autoconfigure.orm.jpa.DataJpaTestContextBootstrapper=true}', contextCustomizers = set[org.springframework.boot.test.autoconfigure.OverrideAutoConfigurationContextCustomizerFactory$DisableAutoConfigurationContextCustomizer@4f5991f6, org.springframework.boot.test.autoconfigure.actuate.metrics.MetricsExportContextCustomizerFactory$DisableMetricExportContextCustomizer@2c07545f, org.springframework.boot.test.autoconfigure.filter.TypeExcludeFiltersContextCustomizer@351584c0, org.springframework.boot.test.autoconfigure.properties.PropertyMappingContextCustomizer@29c42239, org.springframework.boot.test.autoconfigure.web.servlet.WebDriverContextCustomizerFactory$Customizer@3c7c886c, [ImportsContextCustomizer@4848681d key = [org.springframework.boot.autoconfigure.cache.CacheAutoConfiguration, org.springframework.boot.autoconfigure.data.jpa.JpaRepositoriesAutoConfiguration, org.springframework.boot.autoconfigure.flyway.FlywayAutoConfiguration, org.springframework.boot.autoconfigure.jdbc.DataSourceAutoConfiguration, org.springframework.boot.autoconfigure.jdbc.DataSourceTransactionManagerAutoConfiguration, org.springframework.boot.autoconfigure.jdbc.JdbcTemplateAutoConfiguration, org.springframework.boot.autoconfigure.liquibase.LiquibaseAutoConfiguration, org.springframework.boot.autoconfigure.orm.jpa.HibernateJpaAutoConfiguration, org.springframework.boot.autoconfigure.sql.init.SqlInitializationAutoConfiguration, org.springframework.boot.autoconfigure.transaction.TransactionAutoConfiguration, org.springframework.boot.test.autoconfigure.jdbc.TestDatabaseAutoConfiguration, org.springframework.boot.test.autoconfigure.orm.jpa.TestEntityManagerAutoConfiguration]], org.springframework.boot.test.context.filter.ExcludeFilterContextCustomizer@2ea6e30c, org.springframework.boot.test.json.DuplicateJsonObjectContextCustomizerFactory$DuplicateJsonObjectContextCustomizer@388526fb, org.springframework.boot.test.mock.mockito.MockitoContextCustomizer@0, org.springframework.boot.test.context.SpringBootTestArgs@1, org.springframework.boot.test.context.SpringBootTestWebEnvironment@0], contextLoader = 'org.springframework.boot.test.context.SpringBootContextLoader', parent = [null]], attributes = map['org.springframework.test.context.event.ApplicationEventsTestExecutionListener.recordApplicationEvents' -> false]]; transaction manager [org.springframework.orm.jpa.JpaTransactionManager@174e1b99]; rollback [true]
Hibernate: select account0_.id as id1_0_, account0_.demonstration_account as demonstr2_0_, account0_.initial_deposit_date as initial_3_0_, account0_.number as number4_0_, account0_.owner_national_registration as owner_na5_0_, account0_.should_have_initial_deposit as should_h6_0_, account0_.status as status7_0_ from account account0_ where account0_.number=?
Hibernate: call next value for hibernate_sequence
Hibernate: insert into account (demonstration_account, initial_deposit_date, number, owner_national_registration, should_have_initial_deposit, status, id) values (?, ?, ?, ?, ?, ?, ?)
Hibernate: select account0_.id as id1_0_, account0_.demonstration_account as demonstr2_0_, account0_.initial_deposit_date as initial_3_0_, account0_.number as number4_0_, account0_.owner_national_registration as owner_na5_0_, account0_.should_have_initial_deposit as should_h6_0_, account0_.status as status7_0_ from account account0_ where account0_.owner_national_registration=?
Hibernate: select account0_.id as id1_0_, account0_.demonstration_account as demonstr2_0_, account0_.initial_deposit_date as initial_3_0_, account0_.number as number4_0_, account0_.owner_national_registration as owner_na5_0_, account0_.should_have_initial_deposit as should_h6_0_, account0_.status as status7_0_ from account account0_ order by account0_.id desc limit ?
2021-11-28 21:49:20.367  INFO 101814 --- [    Test worker] o.s.t.c.transaction.TransactionContext   : Rolled back transaction for test: [DefaultTestContext@645b67d6 testClass = AccountRepositoryTest, testInstance = com.cissbank.basiccissbankapi.AccountRepositoryTest@1926806c, testMethod = accountRepositoryWillSaveAccount@AccountRepositoryTest, testException = [null], mergedContextConfiguration = [MergedContextConfiguration@44a972b4 testClass = AccountRepositoryTest, locations = '{}', classes = '{class com.cissbank.basiccissbankapi.BasicCissBankApiApplication}', contextInitializerClasses = '[]', activeProfiles = '{}', propertySourceLocations = '{}', propertySourceProperties = '{org.springframework.boot.test.autoconfigure.orm.jpa.DataJpaTestContextBootstrapper=true}', contextCustomizers = set[org.springframework.boot.test.autoconfigure.OverrideAutoConfigurationContextCustomizerFactory$DisableAutoConfigurationContextCustomizer@4f5991f6, org.springframework.boot.test.autoconfigure.actuate.metrics.MetricsExportContextCustomizerFactory$DisableMetricExportContextCustomizer@2c07545f, org.springframework.boot.test.autoconfigure.filter.TypeExcludeFiltersContextCustomizer@351584c0, org.springframework.boot.test.autoconfigure.properties.PropertyMappingContextCustomizer@29c42239, org.springframework.boot.test.autoconfigure.web.servlet.WebDriverContextCustomizerFactory$Customizer@3c7c886c, [ImportsContextCustomizer@4848681d key = [org.springframework.boot.autoconfigure.cache.CacheAutoConfiguration, org.springframework.boot.autoconfigure.data.jpa.JpaRepositoriesAutoConfiguration, org.springframework.boot.autoconfigure.flyway.FlywayAutoConfiguration, org.springframework.boot.autoconfigure.jdbc.DataSourceAutoConfiguration, org.springframework.boot.autoconfigure.jdbc.DataSourceTransactionManagerAutoConfiguration, org.springframework.boot.autoconfigure.jdbc.JdbcTemplateAutoConfiguration, org.springframework.boot.autoconfigure.liquibase.LiquibaseAutoConfiguration, org.springframework.boot.autoconfigure.orm.jpa.HibernateJpaAutoConfiguration, org.springframework.boot.autoconfigure.sql.init.SqlInitializationAutoConfiguration, org.springframework.boot.autoconfigure.transaction.TransactionAutoConfiguration, org.springframework.boot.test.autoconfigure.jdbc.TestDatabaseAutoConfiguration, org.springframework.boot.test.autoconfigure.orm.jpa.TestEntityManagerAutoConfiguration]], org.springframework.boot.test.context.filter.ExcludeFilterContextCustomizer@2ea6e30c, org.springframework.boot.test.json.DuplicateJsonObjectContextCustomizerFactory$DuplicateJsonObjectContextCustomizer@388526fb, org.springframework.boot.test.mock.mockito.MockitoContextCustomizer@0, org.springframework.boot.test.context.SpringBootTestArgs@1, org.springframework.boot.test.context.SpringBootTestWebEnvironment@0], contextLoader = 'org.springframework.boot.test.context.SpringBootContextLoader', parent = [null]], attributes = map['org.springframework.test.context.event.ApplicationEventsTestExecutionListener.recordApplicationEvents' -> false]]
2021-11-28 21:49:20.370  INFO 101814 --- [    Test worker] o.s.t.c.transaction.TransactionContext   : Began transaction (1) for test context [DefaultTestContext@645b67d6 testClass = AccountRepositoryTest, testInstance = com.cissbank.basiccissbankapi.AccountRepositoryTest@75e068dc, testMethod = accountRepositoryWillGenerateAccountNumbersCorrectlyAndManyAccountsForSameIndividual@AccountRepositoryTest, testException = [null], mergedContextConfiguration = [MergedContextConfiguration@44a972b4 testClass = AccountRepositoryTest, locations = '{}', classes = '{class com.cissbank.basiccissbankapi.BasicCissBankApiApplication}', contextInitializerClasses = '[]', activeProfiles = '{}', propertySourceLocations = '{}', propertySourceProperties = '{org.springframework.boot.test.autoconfigure.orm.jpa.DataJpaTestContextBootstrapper=true}', contextCustomizers = set[org.springframework.boot.test.autoconfigure.OverrideAutoConfigurationContextCustomizerFactory$DisableAutoConfigurationContextCustomizer@4f5991f6, org.springframework.boot.test.autoconfigure.actuate.metrics.MetricsExportContextCustomizerFactory$DisableMetricExportContextCustomizer@2c07545f, org.springframework.boot.test.autoconfigure.filter.TypeExcludeFiltersContextCustomizer@351584c0, org.springframework.boot.test.autoconfigure.properties.PropertyMappingContextCustomizer@29c42239, org.springframework.boot.test.autoconfigure.web.servlet.WebDriverContextCustomizerFactory$Customizer@3c7c886c, [ImportsContextCustomizer@4848681d key = [org.springframework.boot.autoconfigure.cache.CacheAutoConfiguration, org.springframework.boot.autoconfigure.data.jpa.JpaRepositoriesAutoConfiguration, org.springframework.boot.autoconfigure.flyway.FlywayAutoConfiguration, org.springframework.boot.autoconfigure.jdbc.DataSourceAutoConfiguration, org.springframework.boot.autoconfigure.jdbc.DataSourceTransactionManagerAutoConfiguration, org.springframework.boot.autoconfigure.jdbc.JdbcTemplateAutoConfiguration, org.springframework.boot.autoconfigure.liquibase.LiquibaseAutoConfiguration, org.springframework.boot.autoconfigure.orm.jpa.HibernateJpaAutoConfiguration, org.springframework.boot.autoconfigure.sql.init.SqlInitializationAutoConfiguration, org.springframework.boot.autoconfigure.transaction.TransactionAutoConfiguration, org.springframework.boot.test.autoconfigure.jdbc.TestDatabaseAutoConfiguration, org.springframework.boot.test.autoconfigure.orm.jpa.TestEntityManagerAutoConfiguration]], org.springframework.boot.test.context.filter.ExcludeFilterContextCustomizer@2ea6e30c, org.springframework.boot.test.json.DuplicateJsonObjectContextCustomizerFactory$DuplicateJsonObjectContextCustomizer@388526fb, org.springframework.boot.test.mock.mockito.MockitoContextCustomizer@0, org.springframework.boot.test.context.SpringBootTestArgs@1, org.springframework.boot.test.context.SpringBootTestWebEnvironment@0], contextLoader = 'org.springframework.boot.test.context.SpringBootContextLoader', parent = [null]], attributes = map['org.springframework.test.context.event.ApplicationEventsTestExecutionListener.recordApplicationEvents' -> false]]; transaction manager [org.springframework.orm.jpa.JpaTransactionManager@174e1b99]; rollback [true]
Hibernate: select account0_.id as id1_0_, account0_.demonstration_account as demonstr2_0_, account0_.initial_deposit_date as initial_3_0_, account0_.number as number4_0_, account0_.owner_national_registration as owner_na5_0_, account0_.should_have_initial_deposit as should_h6_0_, account0_.status as status7_0_ from account account0_ order by account0_.id desc limit ?
Hibernate: select account0_.id as id1_0_, account0_.demonstration_account as demonstr2_0_, account0_.initial_deposit_date as initial_3_0_, account0_.number as number4_0_, account0_.owner_national_registration as owner_na5_0_, account0_.should_have_initial_deposit as should_h6_0_, account0_.status as status7_0_ from account account0_ order by account0_.id desc limit ?
Hibernate: select account0_.id as id1_0_, account0_.demonstration_account as demonstr2_0_, account0_.initial_deposit_date as initial_3_0_, account0_.number as number4_0_, account0_.owner_national_registration as owner_na5_0_, account0_.should_have_initial_deposit as should_h6_0_, account0_.status as status7_0_ from account account0_ where account0_.number=?
Hibernate: call next value for hibernate_sequence
Hibernate: insert into account (demonstration_account, initial_deposit_date, number, owner_national_registration, should_have_initial_deposit, status, id) values (?, ?, ?, ?, ?, ?, ?)
Hibernate: select account0_.id as id1_0_, account0_.demonstration_account as demonstr2_0_, account0_.initial_deposit_date as initial_3_0_, account0_.number as number4_0_, account0_.owner_national_registration as owner_na5_0_, account0_.should_have_initial_deposit as should_h6_0_, account0_.status as status7_0_ from account account0_ order by account0_.id desc limit ?
Hibernate: select account0_.id as id1_0_, account0_.demonstration_account as demonstr2_0_, account0_.initial_deposit_date as initial_3_0_, account0_.number as number4_0_, account0_.owner_national_registration as owner_na5_0_, account0_.should_have_initial_deposit as should_h6_0_, account0_.status as status7_0_ from account account0_ where account0_.number=?
Hibernate: call next value for hibernate_sequence
2021-11-28 21:49:20.379  INFO 101814 --- [    Test worker] o.s.t.c.transaction.TransactionContext   : Rolled back transaction for test: [DefaultTestContext@645b67d6 testClass = AccountRepositoryTest, testInstance = com.cissbank.basiccissbankapi.AccountRepositoryTest@75e068dc, testMethod = accountRepositoryWillGenerateAccountNumbersCorrectlyAndManyAccountsForSameIndividual@AccountRepositoryTest, testException = [null], mergedContextConfiguration = [MergedContextConfiguration@44a972b4 testClass = AccountRepositoryTest, locations = '{}', classes = '{class com.cissbank.basiccissbankapi.BasicCissBankApiApplication}', contextInitializerClasses = '[]', activeProfiles = '{}', propertySourceLocations = '{}', propertySourceProperties = '{org.springframework.boot.test.autoconfigure.orm.jpa.DataJpaTestContextBootstrapper=true}', contextCustomizers = set[org.springframework.boot.test.autoconfigure.OverrideAutoConfigurationContextCustomizerFactory$DisableAutoConfigurationContextCustomizer@4f5991f6, org.springframework.boot.test.autoconfigure.actuate.metrics.MetricsExportContextCustomizerFactory$DisableMetricExportContextCustomizer@2c07545f, org.springframework.boot.test.autoconfigure.filter.TypeExcludeFiltersContextCustomizer@351584c0, org.springframework.boot.test.autoconfigure.properties.PropertyMappingContextCustomizer@29c42239, org.springframework.boot.test.autoconfigure.web.servlet.WebDriverContextCustomizerFactory$Customizer@3c7c886c, [ImportsContextCustomizer@4848681d key = [org.springframework.boot.autoconfigure.cache.CacheAutoConfiguration, org.springframework.boot.autoconfigure.data.jpa.JpaRepositoriesAutoConfiguration, org.springframework.boot.autoconfigure.flyway.FlywayAutoConfiguration, org.springframework.boot.autoconfigure.jdbc.DataSourceAutoConfiguration, org.springframework.boot.autoconfigure.jdbc.DataSourceTransactionManagerAutoConfiguration, org.springframework.boot.autoconfigure.jdbc.JdbcTemplateAutoConfiguration, org.springframework.boot.autoconfigure.liquibase.LiquibaseAutoConfiguration, org.springframework.boot.autoconfigure.orm.jpa.HibernateJpaAutoConfiguration, org.springframework.boot.autoconfigure.sql.init.SqlInitializationAutoConfiguration, org.springframework.boot.autoconfigure.transaction.TransactionAutoConfiguration, org.springframework.boot.test.autoconfigure.jdbc.TestDatabaseAutoConfiguration, org.springframework.boot.test.autoconfigure.orm.jpa.TestEntityManagerAutoConfiguration]], org.springframework.boot.test.context.filter.ExcludeFilterContextCustomizer@2ea6e30c, org.springframework.boot.test.json.DuplicateJsonObjectContextCustomizerFactory$DuplicateJsonObjectContextCustomizer@388526fb, org.springframework.boot.test.mock.mockito.MockitoContextCustomizer@0, org.springframework.boot.test.context.SpringBootTestArgs@1, org.springframework.boot.test.context.SpringBootTestWebEnvironment@0], contextLoader = 'org.springframework.boot.test.context.SpringBootContextLoader', parent = [null]], attributes = map['org.springframework.test.context.event.ApplicationEventsTestExecutionListener.recordApplicationEvents' -> false]]
2021-11-28 21:49:20.385  INFO 101814 --- [    Test worker] o.s.t.c.transaction.TransactionContext   : Began transaction (1) for test context [DefaultTestContext@645b67d6 testClass = AccountRepositoryTest, testInstance = com.cissbank.basiccissbankapi.AccountRepositoryTest@6afdb486, testMethod = accountRepositoryWillNotFindTopPosition@AccountRepositoryTest, testException = [null], mergedContextConfiguration = [MergedContextConfiguration@44a972b4 testClass = AccountRepositoryTest, locations = '{}', classes = '{class com.cissbank.basiccissbankapi.BasicCissBankApiApplication}', contextInitializerClasses = '[]', activeProfiles = '{}', propertySourceLocations = '{}', propertySourceProperties = '{org.springframework.boot.test.autoconfigure.orm.jpa.DataJpaTestContextBootstrapper=true}', contextCustomizers = set[org.springframework.boot.test.autoconfigure.OverrideAutoConfigurationContextCustomizerFactory$DisableAutoConfigurationContextCustomizer@4f5991f6, org.springframework.boot.test.autoconfigure.actuate.metrics.MetricsExportContextCustomizerFactory$DisableMetricExportContextCustomizer@2c07545f, org.springframework.boot.test.autoconfigure.filter.TypeExcludeFiltersContextCustomizer@351584c0, org.springframework.boot.test.autoconfigure.properties.PropertyMappingContextCustomizer@29c42239, org.springframework.boot.test.autoconfigure.web.servlet.WebDriverContextCustomizerFactory$Customizer@3c7c886c, [ImportsContextCustomizer@4848681d key = [org.springframework.boot.autoconfigure.cache.CacheAutoConfiguration, org.springframework.boot.autoconfigure.data.jpa.JpaRepositoriesAutoConfiguration, org.springframework.boot.autoconfigure.flyway.FlywayAutoConfiguration, org.springframework.boot.autoconfigure.jdbc.DataSourceAutoConfiguration, org.springframework.boot.autoconfigure.jdbc.DataSourceTransactionManagerAutoConfiguration, org.springframework.boot.autoconfigure.jdbc.JdbcTemplateAutoConfiguration, org.springframework.boot.autoconfigure.liquibase.LiquibaseAutoConfiguration, org.springframework.boot.autoconfigure.orm.jpa.HibernateJpaAutoConfiguration, org.springframework.boot.autoconfigure.sql.init.SqlInitializationAutoConfiguration, org.springframework.boot.autoconfigure.transaction.TransactionAutoConfiguration, org.springframework.boot.test.autoconfigure.jdbc.TestDatabaseAutoConfiguration, org.springframework.boot.test.autoconfigure.orm.jpa.TestEntityManagerAutoConfiguration]], org.springframework.boot.test.context.filter.ExcludeFilterContextCustomizer@2ea6e30c, org.springframework.boot.test.json.DuplicateJsonObjectContextCustomizerFactory$DuplicateJsonObjectContextCustomizer@388526fb, org.springframework.boot.test.mock.mockito.MockitoContextCustomizer@0, org.springframework.boot.test.context.SpringBootTestArgs@1, org.springframework.boot.test.context.SpringBootTestWebEnvironment@0], contextLoader = 'org.springframework.boot.test.context.SpringBootContextLoader', parent = [null]], attributes = map['org.springframework.test.context.event.ApplicationEventsTestExecutionListener.recordApplicationEvents' -> false]]; transaction manager [org.springframework.orm.jpa.JpaTransactionManager@174e1b99]; rollback [true]
Hibernate: select account0_.id as id1_0_, account0_.demonstration_account as demonstr2_0_, account0_.initial_deposit_date as initial_3_0_, account0_.number as number4_0_, account0_.owner_national_registration as owner_na5_0_, account0_.should_have_initial_deposit as should_h6_0_, account0_.status as status7_0_ from account account0_ where account0_.number=?
Hibernate: select account0_.id as id1_0_, account0_.demonstration_account as demonstr2_0_, account0_.initial_deposit_date as initial_3_0_, account0_.number as number4_0_, account0_.owner_national_registration as owner_na5_0_, account0_.should_have_initial_deposit as should_h6_0_, account0_.status as status7_0_ from account account0_ order by account0_.id desc limit ?
2021-11-28 21:49:20.390  INFO 101814 --- [    Test worker] o.s.t.c.transaction.TransactionContext   : Rolled back transaction for test: [DefaultTestContext@645b67d6 testClass = AccountRepositoryTest, testInstance = com.cissbank.basiccissbankapi.AccountRepositoryTest@6afdb486, testMethod = accountRepositoryWillNotFindTopPosition@AccountRepositoryTest, testException = [null], mergedContextConfiguration = [MergedContextConfiguration@44a972b4 testClass = AccountRepositoryTest, locations = '{}', classes = '{class com.cissbank.basiccissbankapi.BasicCissBankApiApplication}', contextInitializerClasses = '[]', activeProfiles = '{}', propertySourceLocations = '{}', propertySourceProperties = '{org.springframework.boot.test.autoconfigure.orm.jpa.DataJpaTestContextBootstrapper=true}', contextCustomizers = set[org.springframework.boot.test.autoconfigure.OverrideAutoConfigurationContextCustomizerFactory$DisableAutoConfigurationContextCustomizer@4f5991f6, org.springframework.boot.test.autoconfigure.actuate.metrics.MetricsExportContextCustomizerFactory$DisableMetricExportContextCustomizer@2c07545f, org.springframework.boot.test.autoconfigure.filter.TypeExcludeFiltersContextCustomizer@351584c0, org.springframework.boot.test.autoconfigure.properties.PropertyMappingContextCustomizer@29c42239, org.springframework.boot.test.autoconfigure.web.servlet.WebDriverContextCustomizerFactory$Customizer@3c7c886c, [ImportsContextCustomizer@4848681d key = [org.springframework.boot.autoconfigure.cache.CacheAutoConfiguration, org.springframework.boot.autoconfigure.data.jpa.JpaRepositoriesAutoConfiguration, org.springframework.boot.autoconfigure.flyway.FlywayAutoConfiguration, org.springframework.boot.autoconfigure.jdbc.DataSourceAutoConfiguration, org.springframework.boot.autoconfigure.jdbc.DataSourceTransactionManagerAutoConfiguration, org.springframework.boot.autoconfigure.jdbc.JdbcTemplateAutoConfiguration, org.springframework.boot.autoconfigure.liquibase.LiquibaseAutoConfiguration, org.springframework.boot.autoconfigure.orm.jpa.HibernateJpaAutoConfiguration, org.springframework.boot.autoconfigure.sql.init.SqlInitializationAutoConfiguration, org.springframework.boot.autoconfigure.transaction.TransactionAutoConfiguration, org.springframework.boot.test.autoconfigure.jdbc.TestDatabaseAutoConfiguration, org.springframework.boot.test.autoconfigure.orm.jpa.TestEntityManagerAutoConfiguration]], org.springframework.boot.test.context.filter.ExcludeFilterContextCustomizer@2ea6e30c, org.springframework.boot.test.json.DuplicateJsonObjectContextCustomizerFactory$DuplicateJsonObjectContextCustomizer@388526fb, org.springframework.boot.test.mock.mockito.MockitoContextCustomizer@0, org.springframework.boot.test.context.SpringBootTestArgs@1, org.springframework.boot.test.context.SpringBootTestWebEnvironment@0], contextLoader = 'org.springframework.boot.test.context.SpringBootContextLoader', parent = [null]], attributes = map['org.springframework.test.context.event.ApplicationEventsTestExecutionListener.recordApplicationEvents' -> false]]
]]></system-out>
  <system-err><![CDATA[]]></system-err>
</testsuite>
